[2017-07-24 00:01:26] [INFO] [org.jeecgframework.minidao.aop.MiniDaoHandler:48] register minidao name is { org.jeecgframework.web.cgdynamgraph.dao.core.CgDynamGraphDao }
[2017-07-24 00:01:26] [INFO] [org.jeecgframework.minidao.aop.MiniDaoHandler:48] register minidao name is { org.jeecgframework.web.cgform.dao.config.CgFormFieldDao }
[2017-07-24 00:01:26] [INFO] [org.jeecgframework.minidao.aop.MiniDaoHandler:48] register minidao name is { org.jeecgframework.web.cgform.dao.config.CgFormVersionDao }
[2017-07-24 00:01:26] [INFO] [org.jeecgframework.minidao.aop.MiniDaoHandler:48] register minidao name is { org.jeecgframework.web.cgform.dao.upload.CgFormUploadDao }
[2017-07-24 00:01:26] [INFO] [org.jeecgframework.minidao.aop.MiniDaoHandler:48] register minidao name is { org.jeecgframework.web.cgreport.dao.core.CgReportDao }
[2017-07-24 00:01:26] [INFO] [org.jeecgframework.minidao.aop.MiniDaoHandler:48] register minidao name is { org.jeecgframework.web.system.dao.JeecgDictDao }
[2017-07-24 00:01:26] [INFO] [org.jeecgframework.minidao.aop.MiniDaoHandler:48] register minidao name is { com.jeecg.core.biz.dao.TSOperationDao }
[2017-07-24 00:01:26] [INFO] [org.jeecgframework.minidao.aop.MiniDaoHandler:48] register minidao name is { com.jeecg.core.biz.mutiLang.dao.P3MutiLangDao }
[2017-07-24 00:01:26] [INFO] [org.jeecgframework.minidao.aop.MiniDaoHandler:48] register minidao name is { com.jeecg.core.biz.tag.select.dict.dao.TSTypeDao }
[2017-07-24 00:01:26] [INFO] [org.jeecgframework.minidao.aop.MiniDaoHandler:48] register minidao name is { com.jeecg.core.biz.tag.select.table.dao.CustomTableDao }
[2017-07-24 00:01:26] [INFO] [org.jeecgframework.minidao.aop.MiniDaoHandler:48] register minidao name is { com.jeecg.actInvite.dao.WxActInviteDao }
[2017-07-24 00:01:26] [INFO] [org.jeecgframework.minidao.aop.MiniDaoHandler:48] register minidao name is { com.jeecg.auth.dao.JwSystemAuthDao }
[2017-07-24 00:01:26] [INFO] [org.jeecgframework.minidao.aop.MiniDaoHandler:48] register minidao name is { com.jeecg.domo.order.dao.JpDemoOrderCustomDao }
[2017-07-24 00:01:26] [INFO] [org.jeecgframework.minidao.aop.MiniDaoHandler:48] register minidao name is { com.jeecg.domo.order.dao.JpDemoOrderMainDao }
[2017-07-24 00:01:26] [INFO] [org.jeecgframework.minidao.aop.MiniDaoHandler:48] register minidao name is { com.jeecg.domo.order.dao.JpDemoOrderProductDao }
[2017-07-24 00:01:26] [INFO] [org.jeecgframework.minidao.aop.MiniDaoHandler:48] register minidao name is { com.jeecg.mail.dao.P3MailJformInnerMailAttachDao }
[2017-07-24 00:01:26] [INFO] [org.jeecgframework.minidao.aop.MiniDaoHandler:48] register minidao name is { com.jeecg.mail.dao.P3MailJformInnerMailDao }
[2017-07-24 00:01:26] [INFO] [org.jeecgframework.minidao.aop.MiniDaoHandler:48] register minidao name is { com.jeecg.mail.dao.P3MailJformInnerMailReceiverDao }
[2017-07-24 00:01:26] [INFO] [org.jeecgframework.minidao.aop.MiniDaoHandler:48] register minidao name is { com.jeecg.mail.dao.P3MailTSBaseUserDao }
[2017-07-24 00:01:26] [INFO] [org.jeecgframework.minidao.aop.MiniDaoHandler:48] register minidao name is { com.jeecg.mail.dao.P3MailTSUserDao }
[2017-07-24 00:01:26] [INFO] [org.jeecgframework.minidao.aop.MiniDaoHandler:48] register minidao name is { com.jeecg.chat.dao.ChatMessageHistoryDao }
[2017-07-24 00:01:26] [INFO] [org.jeecgframework.minidao.aop.MiniDaoHandler:48] register minidao name is { com.jeecg.chat.dao.ImDao }
[2017-07-24 00:01:26] [INFO] [org.jeecgframework.core.timer.DataBaseSchedulerFactoryBean:111] Spring's Quartz 1.x support is deprecated - please upgrade to Quartz 2.0+
[2017-07-24 00:01:27] [INFO] [com.alibaba.druid.pool.DruidDataSource:450] {dataSource-1} inited
[2017-07-24 00:01:28] [WARN] [org.hibernate.id.UUIDHexGenerator:59] HHH000409: Using org.hibernate.id.UUIDHexGenerator which does not generate IETF RFC 4122 compliant UUID values; consider using org.hibernate.id.UUIDGenerator instead
[2017-07-24 00:01:29] [WARN] [net.sf.ehcache.distribution.RMICacheManagerPeerListener:120] Explicitly setting the listener hostname to 'localhost' is not recommended. It will only work if all CacheManager peers are on the same machine.
[2017-07-24 00:01:31] [INFO] [org.quartz.core.SchedulerSignalerImpl:63] Initialized Scheduler Signaller of type: class org.quartz.core.SchedulerSignalerImpl
[2017-07-24 00:01:31] [INFO] [org.quartz.core.QuartzScheduler:215] Quartz Scheduler v.1.6.2 created.
[2017-07-24 00:01:31] [INFO] [org.quartz.simpl.RAMJobStore:141] RAMJobStore initialized.
[2017-07-24 00:01:31] [INFO] [org.quartz.impl.StdSchedulerFactory:1224] Quartz scheduler 'schedulerFactory' initialized from an externally provided properties instance.
[2017-07-24 00:01:31] [INFO] [org.quartz.impl.StdSchedulerFactory:1228] Quartz scheduler version: 1.6.2
[2017-07-24 00:01:31] [INFO] [org.quartz.core.QuartzScheduler:2094] JobFactory set to: org.springframework.scheduling.quartz.AdaptableJobFactory@7ea7a092
[2017-07-24 00:01:33] [INFO] [org.jeecgframework.core.timer.DataBaseSchedulerFactoryBean:648] Starting Quartz Scheduler now
[2017-07-24 00:01:33] [INFO] [org.quartz.core.QuartzScheduler:461] Scheduler schedulerFactory_$_NON_CLUSTERED started.
[2017-07-24 00:01:46] [INFO] [com.jeecg.chat.web.WebSocket:250] 当前登录人id为：8a8ab0b246dc81120146dc8181950052
[2017-07-24 00:01:56] [ERROR] [org.jeecgframework.core.common.exception.GlobalExceptionResolver:86] 全局处理异常捕获:
org.jeecgframework.core.online.exception.CgReportNotFoundException: 动态报表配置不存在!
	at org.jeecgframework.web.cgreport.controller.core.CgReportController.popup(CgReportController.java:135)
	at sun.reflect.NativeMethodAccessorImpl.invoke0(Native Method)
	at sun.reflect.NativeMethodAccessorImpl.invoke(NativeMethodAccessorImpl.java:57)
	at sun.reflect.DelegatingMethodAccessorImpl.invoke(DelegatingMethodAccessorImpl.java:43)
	at java.lang.reflect.Method.invoke(Method.java:601)
	at org.springframework.web.bind.annotation.support.HandlerMethodInvoker.invokeHandlerMethod(HandlerMethodInvoker.java:175)
	at org.springframework.web.servlet.mvc.annotation.AnnotationMethodHandlerAdapter.invokeHandlerMethod(AnnotationMethodHandlerAdapter.java:446)
	at org.springframework.web.servlet.mvc.annotation.AnnotationMethodHandlerAdapter.handle(AnnotationMethodHandlerAdapter.java:434)
	at org.springframework.web.servlet.DispatcherServlet.doDispatch(DispatcherServlet.java:938)
	at org.springframework.web.servlet.DispatcherServlet.doService(DispatcherServlet.java:870)
	at org.springframework.web.servlet.FrameworkServlet.processRequest(FrameworkServlet.java:961)
	at org.springframework.web.servlet.FrameworkServlet.doGet(FrameworkServlet.java:852)
	at javax.servlet.http.HttpServlet.service(HttpServlet.java:617)
	at org.springframework.web.servlet.FrameworkServlet.service(FrameworkServlet.java:837)
	at javax.servlet.http.HttpServlet.service(HttpServlet.java:717)
	at org.apache.catalina.core.ApplicationFilterChain.internalDoFilter(ApplicationFilterChain.java:290)
	at org.apache.catalina.core.ApplicationFilterChain.doFilter(ApplicationFilterChain.java:206)
	at org.jeecgframework.core.aop.GZipFilter.doFilter(GZipFilter.java:93)
	at org.apache.catalina.core.ApplicationFilterChain.internalDoFilter(ApplicationFilterChain.java:235)
	at org.apache.catalina.core.ApplicationFilterChain.doFilter(ApplicationFilterChain.java:206)
	at com.alibaba.druid.support.http.WebStatFilter.doFilter(WebStatFilter.java:140)
	at org.apache.catalina.core.ApplicationFilterChain.internalDoFilter(ApplicationFilterChain.java:235)
	at org.apache.catalina.core.ApplicationFilterChain.doFilter(ApplicationFilterChain.java:206)
	at org.springframework.web.filter.CharacterEncodingFilter.doFilterInternal(CharacterEncodingFilter.java:88)
	at org.springframework.web.filter.OncePerRequestFilter.doFilter(OncePerRequestFilter.java:107)
	at org.apache.catalina.core.ApplicationFilterChain.internalDoFilter(ApplicationFilterChain.java:235)
	at org.apache.catalina.core.ApplicationFilterChain.doFilter(ApplicationFilterChain.java:206)
	at org.springframework.orm.hibernate4.support.OpenSessionInViewFilter.doFilterInternal(OpenSessionInViewFilter.java:150)
	at org.springframework.web.filter.OncePerRequestFilter.doFilter(OncePerRequestFilter.java:107)
	at org.apache.catalina.core.ApplicationFilterChain.internalDoFilter(ApplicationFilterChain.java:235)
	at org.apache.catalina.core.ApplicationFilterChain.doFilter(ApplicationFilterChain.java:206)
	at org.apache.catalina.core.StandardWrapperValve.invoke(StandardWrapperValve.java:233)
	at org.apache.catalina.core.StandardContextValve.invoke(StandardContextValve.java:191)
	at org.apache.catalina.core.StandardHostValve.invoke(StandardHostValve.java:127)
	at org.apache.catalina.valves.ErrorReportValve.invoke(ErrorReportValve.java:102)
	at org.apache.catalina.core.StandardEngineValve.invoke(StandardEngineValve.java:109)
	at org.apache.catalina.connector.CoyoteAdapter.service(CoyoteAdapter.java:298)
	at org.apache.coyote.http11.Http11Processor.process(Http11Processor.java:857)
	at org.apache.coyote.http11.Http11Protocol$Http11ConnectionHandler.process(Http11Protocol.java:588)
	at org.apache.tomcat.util.net.JIoEndpoint$Worker.run(JIoEndpoint.java:489)
	at java.lang.Thread.run(Thread.java:722)
[2017-07-24 00:02:38] [ERROR] [org.jeecgframework.core.common.exception.GlobalExceptionResolver:86] 全局处理异常捕获:
org.jeecgframework.core.online.exception.CgReportNotFoundException: 动态报表配置不存在!
	at org.jeecgframework.web.cgreport.controller.core.CgReportController.popup(CgReportController.java:135)
	at sun.reflect.NativeMethodAccessorImpl.invoke0(Native Method)
	at sun.reflect.NativeMethodAccessorImpl.invoke(NativeMethodAccessorImpl.java:57)
	at sun.reflect.DelegatingMethodAccessorImpl.invoke(DelegatingMethodAccessorImpl.java:43)
	at java.lang.reflect.Method.invoke(Method.java:601)
	at org.springframework.web.bind.annotation.support.HandlerMethodInvoker.invokeHandlerMethod(HandlerMethodInvoker.java:175)
	at org.springframework.web.servlet.mvc.annotation.AnnotationMethodHandlerAdapter.invokeHandlerMethod(AnnotationMethodHandlerAdapter.java:446)
	at org.springframework.web.servlet.mvc.annotation.AnnotationMethodHandlerAdapter.handle(AnnotationMethodHandlerAdapter.java:434)
	at org.springframework.web.servlet.DispatcherServlet.doDispatch(DispatcherServlet.java:938)
	at org.springframework.web.servlet.DispatcherServlet.doService(DispatcherServlet.java:870)
	at org.springframework.web.servlet.FrameworkServlet.processRequest(FrameworkServlet.java:961)
	at org.springframework.web.servlet.FrameworkServlet.doGet(FrameworkServlet.java:852)
	at javax.servlet.http.HttpServlet.service(HttpServlet.java:617)
	at org.springframework.web.servlet.FrameworkServlet.service(FrameworkServlet.java:837)
	at javax.servlet.http.HttpServlet.service(HttpServlet.java:717)
	at org.apache.catalina.core.ApplicationFilterChain.internalDoFilter(ApplicationFilterChain.java:290)
	at org.apache.catalina.core.ApplicationFilterChain.doFilter(ApplicationFilterChain.java:206)
	at org.jeecgframework.core.aop.GZipFilter.doFilter(GZipFilter.java:93)
	at org.apache.catalina.core.ApplicationFilterChain.internalDoFilter(ApplicationFilterChain.java:235)
	at org.apache.catalina.core.ApplicationFilterChain.doFilter(ApplicationFilterChain.java:206)
	at com.alibaba.druid.support.http.WebStatFilter.doFilter(WebStatFilter.java:140)
	at org.apache.catalina.core.ApplicationFilterChain.internalDoFilter(ApplicationFilterChain.java:235)
	at org.apache.catalina.core.ApplicationFilterChain.doFilter(ApplicationFilterChain.java:206)
	at org.springframework.web.filter.CharacterEncodingFilter.doFilterInternal(CharacterEncodingFilter.java:88)
	at org.springframework.web.filter.OncePerRequestFilter.doFilter(OncePerRequestFilter.java:107)
	at org.apache.catalina.core.ApplicationFilterChain.internalDoFilter(ApplicationFilterChain.java:235)
	at org.apache.catalina.core.ApplicationFilterChain.doFilter(ApplicationFilterChain.java:206)
	at org.springframework.orm.hibernate4.support.OpenSessionInViewFilter.doFilterInternal(OpenSessionInViewFilter.java:150)
	at org.springframework.web.filter.OncePerRequestFilter.doFilter(OncePerRequestFilter.java:107)
	at org.apache.catalina.core.ApplicationFilterChain.internalDoFilter(ApplicationFilterChain.java:235)
	at org.apache.catalina.core.ApplicationFilterChain.doFilter(ApplicationFilterChain.java:206)
	at org.apache.catalina.core.StandardWrapperValve.invoke(StandardWrapperValve.java:233)
	at org.apache.catalina.core.StandardContextValve.invoke(StandardContextValve.java:191)
	at org.apache.catalina.core.StandardHostValve.invoke(StandardHostValve.java:127)
	at org.apache.catalina.valves.ErrorReportValve.invoke(ErrorReportValve.java:102)
	at org.apache.catalina.core.StandardEngineValve.invoke(StandardEngineValve.java:109)
	at org.apache.catalina.connector.CoyoteAdapter.service(CoyoteAdapter.java:298)
	at org.apache.coyote.http11.Http11Processor.process(Http11Processor.java:857)
	at org.apache.coyote.http11.Http11Protocol$Http11ConnectionHandler.process(Http11Protocol.java:588)
	at org.apache.tomcat.util.net.JIoEndpoint$Worker.run(JIoEndpoint.java:489)
	at java.lang.Thread.run(Thread.java:722)
[2017-07-24 00:02:41] [ERROR] [org.jeecgframework.core.common.exception.GlobalExceptionResolver:86] 全局处理异常捕获:
org.jeecgframework.core.online.exception.CgReportNotFoundException: 动态报表配置不存在!
	at org.jeecgframework.web.cgreport.controller.core.CgReportController.popup(CgReportController.java:135)
	at sun.reflect.NativeMethodAccessorImpl.invoke0(Native Method)
	at sun.reflect.NativeMethodAccessorImpl.invoke(NativeMethodAccessorImpl.java:57)
	at sun.reflect.DelegatingMethodAccessorImpl.invoke(DelegatingMethodAccessorImpl.java:43)
	at java.lang.reflect.Method.invoke(Method.java:601)
	at org.springframework.web.bind.annotation.support.HandlerMethodInvoker.invokeHandlerMethod(HandlerMethodInvoker.java:175)
	at org.springframework.web.servlet.mvc.annotation.AnnotationMethodHandlerAdapter.invokeHandlerMethod(AnnotationMethodHandlerAdapter.java:446)
	at org.springframework.web.servlet.mvc.annotation.AnnotationMethodHandlerAdapter.handle(AnnotationMethodHandlerAdapter.java:434)
	at org.springframework.web.servlet.DispatcherServlet.doDispatch(DispatcherServlet.java:938)
	at org.springframework.web.servlet.DispatcherServlet.doService(DispatcherServlet.java:870)
	at org.springframework.web.servlet.FrameworkServlet.processRequest(FrameworkServlet.java:961)
	at org.springframework.web.servlet.FrameworkServlet.doGet(FrameworkServlet.java:852)
	at javax.servlet.http.HttpServlet.service(HttpServlet.java:617)
	at org.springframework.web.servlet.FrameworkServlet.service(FrameworkServlet.java:837)
	at javax.servlet.http.HttpServlet.service(HttpServlet.java:717)
	at org.apache.catalina.core.ApplicationFilterChain.internalDoFilter(ApplicationFilterChain.java:290)
	at org.apache.catalina.core.ApplicationFilterChain.doFilter(ApplicationFilterChain.java:206)
	at org.jeecgframework.core.aop.GZipFilter.doFilter(GZipFilter.java:93)
	at org.apache.catalina.core.ApplicationFilterChain.internalDoFilter(ApplicationFilterChain.java:235)
	at org.apache.catalina.core.ApplicationFilterChain.doFilter(ApplicationFilterChain.java:206)
	at com.alibaba.druid.support.http.WebStatFilter.doFilter(WebStatFilter.java:140)
	at org.apache.catalina.core.ApplicationFilterChain.internalDoFilter(ApplicationFilterChain.java:235)
	at org.apache.catalina.core.ApplicationFilterChain.doFilter(ApplicationFilterChain.java:206)
	at org.springframework.web.filter.CharacterEncodingFilter.doFilterInternal(CharacterEncodingFilter.java:88)
	at org.springframework.web.filter.OncePerRequestFilter.doFilter(OncePerRequestFilter.java:107)
	at org.apache.catalina.core.ApplicationFilterChain.internalDoFilter(ApplicationFilterChain.java:235)
	at org.apache.catalina.core.ApplicationFilterChain.doFilter(ApplicationFilterChain.java:206)
	at org.springframework.orm.hibernate4.support.OpenSessionInViewFilter.doFilterInternal(OpenSessionInViewFilter.java:150)
	at org.springframework.web.filter.OncePerRequestFilter.doFilter(OncePerRequestFilter.java:107)
	at org.apache.catalina.core.ApplicationFilterChain.internalDoFilter(ApplicationFilterChain.java:235)
	at org.apache.catalina.core.ApplicationFilterChain.doFilter(ApplicationFilterChain.java:206)
	at org.apache.catalina.core.StandardWrapperValve.invoke(StandardWrapperValve.java:233)
	at org.apache.catalina.core.StandardContextValve.invoke(StandardContextValve.java:191)
	at org.apache.catalina.core.StandardHostValve.invoke(StandardHostValve.java:127)
	at org.apache.catalina.valves.ErrorReportValve.invoke(ErrorReportValve.java:102)
	at org.apache.catalina.core.StandardEngineValve.invoke(StandardEngineValve.java:109)
	at org.apache.catalina.connector.CoyoteAdapter.service(CoyoteAdapter.java:298)
	at org.apache.coyote.http11.Http11Processor.process(Http11Processor.java:857)
	at org.apache.coyote.http11.Http11Protocol$Http11ConnectionHandler.process(Http11Protocol.java:588)
	at org.apache.tomcat.util.net.JIoEndpoint$Worker.run(JIoEndpoint.java:489)
	at java.lang.Thread.run(Thread.java:722)
[2017-07-24 00:06:07] [INFO] [org.jeecgframework.minidao.aop.MiniDaoHandler:48] register minidao name is { org.jeecgframework.web.cgdynamgraph.dao.core.CgDynamGraphDao }
[2017-07-24 00:06:07] [INFO] [org.jeecgframework.minidao.aop.MiniDaoHandler:48] register minidao name is { org.jeecgframework.web.cgform.dao.config.CgFormFieldDao }
[2017-07-24 00:06:07] [INFO] [org.jeecgframework.minidao.aop.MiniDaoHandler:48] register minidao name is { org.jeecgframework.web.cgform.dao.config.CgFormVersionDao }
[2017-07-24 00:06:07] [INFO] [org.jeecgframework.minidao.aop.MiniDaoHandler:48] register minidao name is { org.jeecgframework.web.cgform.dao.upload.CgFormUploadDao }
[2017-07-24 00:06:07] [INFO] [org.jeecgframework.minidao.aop.MiniDaoHandler:48] register minidao name is { org.jeecgframework.web.cgreport.dao.core.CgReportDao }
[2017-07-24 00:06:07] [INFO] [org.jeecgframework.minidao.aop.MiniDaoHandler:48] register minidao name is { org.jeecgframework.web.system.dao.JeecgDictDao }
[2017-07-24 00:06:07] [INFO] [org.jeecgframework.minidao.aop.MiniDaoHandler:48] register minidao name is { com.jeecg.core.biz.dao.TSOperationDao }
[2017-07-24 00:06:07] [INFO] [org.jeecgframework.minidao.aop.MiniDaoHandler:48] register minidao name is { com.jeecg.core.biz.mutiLang.dao.P3MutiLangDao }
[2017-07-24 00:06:07] [INFO] [org.jeecgframework.minidao.aop.MiniDaoHandler:48] register minidao name is { com.jeecg.core.biz.tag.select.dict.dao.TSTypeDao }
[2017-07-24 00:06:07] [INFO] [org.jeecgframework.minidao.aop.MiniDaoHandler:48] register minidao name is { com.jeecg.core.biz.tag.select.table.dao.CustomTableDao }
[2017-07-24 00:06:07] [INFO] [org.jeecgframework.minidao.aop.MiniDaoHandler:48] register minidao name is { com.jeecg.actInvite.dao.WxActInviteDao }
[2017-07-24 00:06:07] [INFO] [org.jeecgframework.minidao.aop.MiniDaoHandler:48] register minidao name is { com.jeecg.auth.dao.JwSystemAuthDao }
[2017-07-24 00:06:07] [INFO] [org.jeecgframework.minidao.aop.MiniDaoHandler:48] register minidao name is { com.jeecg.domo.order.dao.JpDemoOrderCustomDao }
[2017-07-24 00:06:07] [INFO] [org.jeecgframework.minidao.aop.MiniDaoHandler:48] register minidao name is { com.jeecg.domo.order.dao.JpDemoOrderMainDao }
[2017-07-24 00:06:07] [INFO] [org.jeecgframework.minidao.aop.MiniDaoHandler:48] register minidao name is { com.jeecg.domo.order.dao.JpDemoOrderProductDao }
[2017-07-24 00:06:07] [INFO] [org.jeecgframework.minidao.aop.MiniDaoHandler:48] register minidao name is { com.jeecg.mail.dao.P3MailJformInnerMailAttachDao }
[2017-07-24 00:06:07] [INFO] [org.jeecgframework.minidao.aop.MiniDaoHandler:48] register minidao name is { com.jeecg.mail.dao.P3MailJformInnerMailDao }
[2017-07-24 00:06:07] [INFO] [org.jeecgframework.minidao.aop.MiniDaoHandler:48] register minidao name is { com.jeecg.mail.dao.P3MailJformInnerMailReceiverDao }
[2017-07-24 00:06:07] [INFO] [org.jeecgframework.minidao.aop.MiniDaoHandler:48] register minidao name is { com.jeecg.mail.dao.P3MailTSBaseUserDao }
[2017-07-24 00:06:07] [INFO] [org.jeecgframework.minidao.aop.MiniDaoHandler:48] register minidao name is { com.jeecg.mail.dao.P3MailTSUserDao }
[2017-07-24 00:06:07] [INFO] [org.jeecgframework.minidao.aop.MiniDaoHandler:48] register minidao name is { com.jeecg.chat.dao.ChatMessageHistoryDao }
[2017-07-24 00:06:07] [INFO] [org.jeecgframework.minidao.aop.MiniDaoHandler:48] register minidao name is { com.jeecg.chat.dao.ImDao }
[2017-07-24 00:06:07] [INFO] [org.jeecgframework.core.timer.DataBaseSchedulerFactoryBean:111] Spring's Quartz 1.x support is deprecated - please upgrade to Quartz 2.0+
[2017-07-24 00:06:07] [INFO] [com.alibaba.druid.pool.DruidDataSource:450] {dataSource-1} inited
[2017-07-24 00:06:09] [WARN] [org.hibernate.id.UUIDHexGenerator:59] HHH000409: Using org.hibernate.id.UUIDHexGenerator which does not generate IETF RFC 4122 compliant UUID values; consider using org.hibernate.id.UUIDGenerator instead
[2017-07-24 00:06:10] [WARN] [net.sf.ehcache.distribution.RMICacheManagerPeerListener:120] Explicitly setting the listener hostname to 'localhost' is not recommended. It will only work if all CacheManager peers are on the same machine.
[2017-07-24 00:06:12] [INFO] [org.quartz.core.SchedulerSignalerImpl:63] Initialized Scheduler Signaller of type: class org.quartz.core.SchedulerSignalerImpl
[2017-07-24 00:06:12] [INFO] [org.quartz.core.QuartzScheduler:215] Quartz Scheduler v.1.6.2 created.
[2017-07-24 00:06:12] [INFO] [org.quartz.simpl.RAMJobStore:141] RAMJobStore initialized.
[2017-07-24 00:06:12] [INFO] [org.quartz.impl.StdSchedulerFactory:1224] Quartz scheduler 'schedulerFactory' initialized from an externally provided properties instance.
[2017-07-24 00:06:12] [INFO] [org.quartz.impl.StdSchedulerFactory:1228] Quartz scheduler version: 1.6.2
[2017-07-24 00:06:12] [INFO] [org.quartz.core.QuartzScheduler:2094] JobFactory set to: org.springframework.scheduling.quartz.AdaptableJobFactory@21354c2d
[2017-07-24 00:06:14] [INFO] [org.jeecgframework.core.timer.DataBaseSchedulerFactoryBean:648] Starting Quartz Scheduler now
[2017-07-24 00:06:14] [INFO] [org.quartz.core.QuartzScheduler:461] Scheduler schedulerFactory_$_NON_CLUSTERED started.
[2017-07-24 00:06:32] [INFO] [com.jeecg.chat.web.WebSocket:250] 当前登录人id为：8a8ab0b246dc81120146dc8181950052
[2017-07-24 00:06:42] [ERROR] [org.jeecgframework.core.common.exception.GlobalExceptionResolver:86] 全局处理异常捕获:
org.jeecgframework.core.online.exception.CgReportNotFoundException: 动态报表配置不存在!
	at org.jeecgframework.web.cgreport.controller.core.CgReportController.popup(CgReportController.java:135)
	at sun.reflect.NativeMethodAccessorImpl.invoke0(Native Method)
	at sun.reflect.NativeMethodAccessorImpl.invoke(NativeMethodAccessorImpl.java:57)
	at sun.reflect.DelegatingMethodAccessorImpl.invoke(DelegatingMethodAccessorImpl.java:43)
	at java.lang.reflect.Method.invoke(Method.java:601)
	at org.springframework.web.bind.annotation.support.HandlerMethodInvoker.invokeHandlerMethod(HandlerMethodInvoker.java:175)
	at org.springframework.web.servlet.mvc.annotation.AnnotationMethodHandlerAdapter.invokeHandlerMethod(AnnotationMethodHandlerAdapter.java:446)
	at org.springframework.web.servlet.mvc.annotation.AnnotationMethodHandlerAdapter.handle(AnnotationMethodHandlerAdapter.java:434)
	at org.springframework.web.servlet.DispatcherServlet.doDispatch(DispatcherServlet.java:938)
	at org.springframework.web.servlet.DispatcherServlet.doService(DispatcherServlet.java:870)
	at org.springframework.web.servlet.FrameworkServlet.processRequest(FrameworkServlet.java:961)
	at org.springframework.web.servlet.FrameworkServlet.doGet(FrameworkServlet.java:852)
	at javax.servlet.http.HttpServlet.service(HttpServlet.java:617)
	at org.springframework.web.servlet.FrameworkServlet.service(FrameworkServlet.java:837)
	at javax.servlet.http.HttpServlet.service(HttpServlet.java:717)
	at org.apache.catalina.core.ApplicationFilterChain.internalDoFilter(ApplicationFilterChain.java:290)
	at org.apache.catalina.core.ApplicationFilterChain.doFilter(ApplicationFilterChain.java:206)
	at org.jeecgframework.core.aop.GZipFilter.doFilter(GZipFilter.java:93)
	at org.apache.catalina.core.ApplicationFilterChain.internalDoFilter(ApplicationFilterChain.java:235)
	at org.apache.catalina.core.ApplicationFilterChain.doFilter(ApplicationFilterChain.java:206)
	at com.alibaba.druid.support.http.WebStatFilter.doFilter(WebStatFilter.java:140)
	at org.apache.catalina.core.ApplicationFilterChain.internalDoFilter(ApplicationFilterChain.java:235)
	at org.apache.catalina.core.ApplicationFilterChain.doFilter(ApplicationFilterChain.java:206)
	at org.springframework.web.filter.CharacterEncodingFilter.doFilterInternal(CharacterEncodingFilter.java:88)
	at org.springframework.web.filter.OncePerRequestFilter.doFilter(OncePerRequestFilter.java:107)
	at org.apache.catalina.core.ApplicationFilterChain.internalDoFilter(ApplicationFilterChain.java:235)
	at org.apache.catalina.core.ApplicationFilterChain.doFilter(ApplicationFilterChain.java:206)
	at org.springframework.orm.hibernate4.support.OpenSessionInViewFilter.doFilterInternal(OpenSessionInViewFilter.java:150)
	at org.springframework.web.filter.OncePerRequestFilter.doFilter(OncePerRequestFilter.java:107)
	at org.apache.catalina.core.ApplicationFilterChain.internalDoFilter(ApplicationFilterChain.java:235)
	at org.apache.catalina.core.ApplicationFilterChain.doFilter(ApplicationFilterChain.java:206)
	at org.apache.catalina.core.StandardWrapperValve.invoke(StandardWrapperValve.java:233)
	at org.apache.catalina.core.StandardContextValve.invoke(StandardContextValve.java:191)
	at org.apache.catalina.core.StandardHostValve.invoke(StandardHostValve.java:127)
	at org.apache.catalina.valves.ErrorReportValve.invoke(ErrorReportValve.java:102)
	at org.apache.catalina.core.StandardEngineValve.invoke(StandardEngineValve.java:109)
	at org.apache.catalina.connector.CoyoteAdapter.service(CoyoteAdapter.java:298)
	at org.apache.coyote.http11.Http11Processor.process(Http11Processor.java:857)
	at org.apache.coyote.http11.Http11Protocol$Http11ConnectionHandler.process(Http11Protocol.java:588)
	at org.apache.tomcat.util.net.JIoEndpoint$Worker.run(JIoEndpoint.java:489)
	at java.lang.Thread.run(Thread.java:722)
[2017-07-24 00:19:24] [INFO] [org.jeecgframework.minidao.aop.MiniDaoHandler:48] register minidao name is { org.jeecgframework.web.cgdynamgraph.dao.core.CgDynamGraphDao }
[2017-07-24 00:19:24] [INFO] [org.jeecgframework.minidao.aop.MiniDaoHandler:48] register minidao name is { org.jeecgframework.web.cgform.dao.config.CgFormFieldDao }
[2017-07-24 00:19:24] [INFO] [org.jeecgframework.minidao.aop.MiniDaoHandler:48] register minidao name is { org.jeecgframework.web.cgform.dao.config.CgFormVersionDao }
[2017-07-24 00:19:24] [INFO] [org.jeecgframework.minidao.aop.MiniDaoHandler:48] register minidao name is { org.jeecgframework.web.cgform.dao.upload.CgFormUploadDao }
[2017-07-24 00:19:24] [INFO] [org.jeecgframework.minidao.aop.MiniDaoHandler:48] register minidao name is { org.jeecgframework.web.cgreport.dao.core.CgReportDao }
[2017-07-24 00:19:24] [INFO] [org.jeecgframework.minidao.aop.MiniDaoHandler:48] register minidao name is { org.jeecgframework.web.system.dao.JeecgDictDao }
[2017-07-24 00:19:24] [INFO] [org.jeecgframework.minidao.aop.MiniDaoHandler:48] register minidao name is { com.jeecg.core.biz.dao.TSOperationDao }
[2017-07-24 00:19:24] [INFO] [org.jeecgframework.minidao.aop.MiniDaoHandler:48] register minidao name is { com.jeecg.core.biz.mutiLang.dao.P3MutiLangDao }
[2017-07-24 00:19:24] [INFO] [org.jeecgframework.minidao.aop.MiniDaoHandler:48] register minidao name is { com.jeecg.core.biz.tag.select.dict.dao.TSTypeDao }
[2017-07-24 00:19:24] [INFO] [org.jeecgframework.minidao.aop.MiniDaoHandler:48] register minidao name is { com.jeecg.core.biz.tag.select.table.dao.CustomTableDao }
[2017-07-24 00:19:24] [INFO] [org.jeecgframework.minidao.aop.MiniDaoHandler:48] register minidao name is { com.jeecg.actInvite.dao.WxActInviteDao }
[2017-07-24 00:19:24] [INFO] [org.jeecgframework.minidao.aop.MiniDaoHandler:48] register minidao name is { com.jeecg.auth.dao.JwSystemAuthDao }
[2017-07-24 00:19:24] [INFO] [org.jeecgframework.minidao.aop.MiniDaoHandler:48] register minidao name is { com.jeecg.domo.order.dao.JpDemoOrderCustomDao }
[2017-07-24 00:19:24] [INFO] [org.jeecgframework.minidao.aop.MiniDaoHandler:48] register minidao name is { com.jeecg.domo.order.dao.JpDemoOrderMainDao }
[2017-07-24 00:19:24] [INFO] [org.jeecgframework.minidao.aop.MiniDaoHandler:48] register minidao name is { com.jeecg.domo.order.dao.JpDemoOrderProductDao }
[2017-07-24 00:19:24] [INFO] [org.jeecgframework.minidao.aop.MiniDaoHandler:48] register minidao name is { com.jeecg.mail.dao.P3MailJformInnerMailAttachDao }
[2017-07-24 00:19:24] [INFO] [org.jeecgframework.minidao.aop.MiniDaoHandler:48] register minidao name is { com.jeecg.mail.dao.P3MailJformInnerMailDao }
[2017-07-24 00:19:24] [INFO] [org.jeecgframework.minidao.aop.MiniDaoHandler:48] register minidao name is { com.jeecg.mail.dao.P3MailJformInnerMailReceiverDao }
[2017-07-24 00:19:24] [INFO] [org.jeecgframework.minidao.aop.MiniDaoHandler:48] register minidao name is { com.jeecg.mail.dao.P3MailTSBaseUserDao }
[2017-07-24 00:19:24] [INFO] [org.jeecgframework.minidao.aop.MiniDaoHandler:48] register minidao name is { com.jeecg.mail.dao.P3MailTSUserDao }
[2017-07-24 00:19:24] [INFO] [org.jeecgframework.minidao.aop.MiniDaoHandler:48] register minidao name is { com.jeecg.chat.dao.ChatMessageHistoryDao }
[2017-07-24 00:19:24] [INFO] [org.jeecgframework.minidao.aop.MiniDaoHandler:48] register minidao name is { com.jeecg.chat.dao.ImDao }
[2017-07-24 00:19:25] [INFO] [org.jeecgframework.core.timer.DataBaseSchedulerFactoryBean:111] Spring's Quartz 1.x support is deprecated - please upgrade to Quartz 2.0+
[2017-07-24 00:19:25] [INFO] [com.alibaba.druid.pool.DruidDataSource:450] {dataSource-1} inited
[2017-07-24 00:19:27] [WARN] [org.hibernate.id.UUIDHexGenerator:59] HHH000409: Using org.hibernate.id.UUIDHexGenerator which does not generate IETF RFC 4122 compliant UUID values; consider using org.hibernate.id.UUIDGenerator instead
[2017-07-24 00:19:29] [WARN] [net.sf.ehcache.distribution.RMICacheManagerPeerListener:120] Explicitly setting the listener hostname to 'localhost' is not recommended. It will only work if all CacheManager peers are on the same machine.
[2017-07-24 00:19:31] [INFO] [org.quartz.core.SchedulerSignalerImpl:63] Initialized Scheduler Signaller of type: class org.quartz.core.SchedulerSignalerImpl
[2017-07-24 00:19:31] [INFO] [org.quartz.core.QuartzScheduler:215] Quartz Scheduler v.1.6.2 created.
[2017-07-24 00:19:31] [INFO] [org.quartz.simpl.RAMJobStore:141] RAMJobStore initialized.
[2017-07-24 00:19:31] [INFO] [org.quartz.impl.StdSchedulerFactory:1224] Quartz scheduler 'schedulerFactory' initialized from an externally provided properties instance.
[2017-07-24 00:19:31] [INFO] [org.quartz.impl.StdSchedulerFactory:1228] Quartz scheduler version: 1.6.2
[2017-07-24 00:19:31] [INFO] [org.quartz.core.QuartzScheduler:2094] JobFactory set to: org.springframework.scheduling.quartz.AdaptableJobFactory@54f0aba1
[2017-07-24 00:19:33] [INFO] [org.jeecgframework.core.timer.DataBaseSchedulerFactoryBean:648] Starting Quartz Scheduler now
[2017-07-24 00:19:33] [INFO] [org.quartz.core.QuartzScheduler:461] Scheduler schedulerFactory_$_NON_CLUSTERED started.
[2017-07-24 00:19:41] [INFO] [com.jeecg.chat.web.WebSocket:250] 当前登录人id为：8a8ab0b246dc81120146dc8181950052
[2017-07-24 00:19:47] [WARN] [org.hibernate.engine.jdbc.spi.SqlExceptionHelper:143] SQL Error: 0, SQLState: S1009
[2017-07-24 00:19:47] [ERROR] [org.hibernate.engine.jdbc.spi.SqlExceptionHelper:144] Invalid argument value: java.lang.ArrayIndexOutOfBoundsException
[2017-07-24 00:19:47] [WARN] [org.hibernate.engine.jdbc.spi.SqlExceptionHelper:143] SQL Error: 0, SQLState: S1009
[2017-07-24 00:19:47] [ERROR] [org.hibernate.engine.jdbc.spi.SqlExceptionHelper:144] Invalid argument value: java.lang.ArrayIndexOutOfBoundsException
[2017-07-24 00:19:47] [ERROR] [org.jeecgframework.core.common.exception.GlobalExceptionResolver:86] 全局处理异常捕获:
org.jeecgframework.core.online.exception.CgReportNotFoundException: 动态报表配置不存在!
	at org.jeecgframework.web.cgreport.controller.core.CgReportController.popup(CgReportController.java:135)
	at sun.reflect.NativeMethodAccessorImpl.invoke0(Native Method)
	at sun.reflect.NativeMethodAccessorImpl.invoke(NativeMethodAccessorImpl.java:57)
	at sun.reflect.DelegatingMethodAccessorImpl.invoke(DelegatingMethodAccessorImpl.java:43)
	at java.lang.reflect.Method.invoke(Method.java:601)
	at org.springframework.web.bind.annotation.support.HandlerMethodInvoker.invokeHandlerMethod(HandlerMethodInvoker.java:175)
	at org.springframework.web.servlet.mvc.annotation.AnnotationMethodHandlerAdapter.invokeHandlerMethod(AnnotationMethodHandlerAdapter.java:446)
	at org.springframework.web.servlet.mvc.annotation.AnnotationMethodHandlerAdapter.handle(AnnotationMethodHandlerAdapter.java:434)
	at org.springframework.web.servlet.DispatcherServlet.doDispatch(DispatcherServlet.java:938)
	at org.springframework.web.servlet.DispatcherServlet.doService(DispatcherServlet.java:870)
	at org.springframework.web.servlet.FrameworkServlet.processRequest(FrameworkServlet.java:961)
	at org.springframework.web.servlet.FrameworkServlet.doGet(FrameworkServlet.java:852)
	at javax.servlet.http.HttpServlet.service(HttpServlet.java:617)
	at org.springframework.web.servlet.FrameworkServlet.service(FrameworkServlet.java:837)
	at javax.servlet.http.HttpServlet.service(HttpServlet.java:717)
	at org.apache.catalina.core.ApplicationFilterChain.internalDoFilter(ApplicationFilterChain.java:290)
	at org.apache.catalina.core.ApplicationFilterChain.doFilter(ApplicationFilterChain.java:206)
	at org.jeecgframework.core.aop.GZipFilter.doFilter(GZipFilter.java:93)
	at org.apache.catalina.core.ApplicationFilterChain.internalDoFilter(ApplicationFilterChain.java:235)
	at org.apache.catalina.core.ApplicationFilterChain.doFilter(ApplicationFilterChain.java:206)
	at com.alibaba.druid.support.http.WebStatFilter.doFilter(WebStatFilter.java:140)
	at org.apache.catalina.core.ApplicationFilterChain.internalDoFilter(ApplicationFilterChain.java:235)
	at org.apache.catalina.core.ApplicationFilterChain.doFilter(ApplicationFilterChain.java:206)
	at org.springframework.web.filter.CharacterEncodingFilter.doFilterInternal(CharacterEncodingFilter.java:88)
	at org.springframework.web.filter.OncePerRequestFilter.doFilter(OncePerRequestFilter.java:107)
	at org.apache.catalina.core.ApplicationFilterChain.internalDoFilter(ApplicationFilterChain.java:235)
	at org.apache.catalina.core.ApplicationFilterChain.doFilter(ApplicationFilterChain.java:206)
	at org.springframework.orm.hibernate4.support.OpenSessionInViewFilter.doFilterInternal(OpenSessionInViewFilter.java:150)
	at org.springframework.web.filter.OncePerRequestFilter.doFilter(OncePerRequestFilter.java:107)
	at org.apache.catalina.core.ApplicationFilterChain.internalDoFilter(ApplicationFilterChain.java:235)
	at org.apache.catalina.core.ApplicationFilterChain.doFilter(ApplicationFilterChain.java:206)
	at org.apache.catalina.core.StandardWrapperValve.invoke(StandardWrapperValve.java:233)
	at org.apache.catalina.core.StandardContextValve.invoke(StandardContextValve.java:191)
	at org.apache.catalina.core.StandardHostValve.invoke(StandardHostValve.java:127)
	at org.apache.catalina.valves.ErrorReportValve.invoke(ErrorReportValve.java:102)
	at org.apache.catalina.core.StandardEngineValve.invoke(StandardEngineValve.java:109)
	at org.apache.catalina.connector.CoyoteAdapter.service(CoyoteAdapter.java:298)
	at org.apache.coyote.http11.Http11Processor.process(Http11Processor.java:857)
	at org.apache.coyote.http11.Http11Protocol$Http11ConnectionHandler.process(Http11Protocol.java:588)
	at org.apache.tomcat.util.net.JIoEndpoint$Worker.run(JIoEndpoint.java:489)
	at java.lang.Thread.run(Thread.java:722)
[2017-07-24 00:20:48] [WARN] [org.hibernate.engine.jdbc.spi.SqlExceptionHelper:143] SQL Error: 0, SQLState: S1009
[2017-07-24 00:20:48] [ERROR] [org.hibernate.engine.jdbc.spi.SqlExceptionHelper:144] Invalid argument value: java.lang.ArrayIndexOutOfBoundsException
[2017-07-24 00:23:25] [INFO] [org.jeecgframework.minidao.aop.MiniDaoHandler:48] register minidao name is { org.jeecgframework.web.cgdynamgraph.dao.core.CgDynamGraphDao }
[2017-07-24 00:23:25] [INFO] [org.jeecgframework.minidao.aop.MiniDaoHandler:48] register minidao name is { org.jeecgframework.web.cgform.dao.config.CgFormFieldDao }
[2017-07-24 00:23:25] [INFO] [org.jeecgframework.minidao.aop.MiniDaoHandler:48] register minidao name is { org.jeecgframework.web.cgform.dao.config.CgFormVersionDao }
[2017-07-24 00:23:25] [INFO] [org.jeecgframework.minidao.aop.MiniDaoHandler:48] register minidao name is { org.jeecgframework.web.cgform.dao.upload.CgFormUploadDao }
[2017-07-24 00:23:25] [INFO] [org.jeecgframework.minidao.aop.MiniDaoHandler:48] register minidao name is { org.jeecgframework.web.cgreport.dao.core.CgReportDao }
[2017-07-24 00:23:25] [INFO] [org.jeecgframework.minidao.aop.MiniDaoHandler:48] register minidao name is { org.jeecgframework.web.system.dao.JeecgDictDao }
[2017-07-24 00:23:25] [INFO] [org.jeecgframework.minidao.aop.MiniDaoHandler:48] register minidao name is { com.jeecg.core.biz.dao.TSOperationDao }
[2017-07-24 00:23:25] [INFO] [org.jeecgframework.minidao.aop.MiniDaoHandler:48] register minidao name is { com.jeecg.core.biz.mutiLang.dao.P3MutiLangDao }
[2017-07-24 00:23:25] [INFO] [org.jeecgframework.minidao.aop.MiniDaoHandler:48] register minidao name is { com.jeecg.core.biz.tag.select.dict.dao.TSTypeDao }
[2017-07-24 00:23:25] [INFO] [org.jeecgframework.minidao.aop.MiniDaoHandler:48] register minidao name is { com.jeecg.core.biz.tag.select.table.dao.CustomTableDao }
[2017-07-24 00:23:25] [INFO] [org.jeecgframework.minidao.aop.MiniDaoHandler:48] register minidao name is { com.jeecg.actInvite.dao.WxActInviteDao }
[2017-07-24 00:23:25] [INFO] [org.jeecgframework.minidao.aop.MiniDaoHandler:48] register minidao name is { com.jeecg.auth.dao.JwSystemAuthDao }
[2017-07-24 00:23:25] [INFO] [org.jeecgframework.minidao.aop.MiniDaoHandler:48] register minidao name is { com.jeecg.domo.order.dao.JpDemoOrderCustomDao }
[2017-07-24 00:23:25] [INFO] [org.jeecgframework.minidao.aop.MiniDaoHandler:48] register minidao name is { com.jeecg.domo.order.dao.JpDemoOrderMainDao }
[2017-07-24 00:23:25] [INFO] [org.jeecgframework.minidao.aop.MiniDaoHandler:48] register minidao name is { com.jeecg.domo.order.dao.JpDemoOrderProductDao }
[2017-07-24 00:23:25] [INFO] [org.jeecgframework.minidao.aop.MiniDaoHandler:48] register minidao name is { com.jeecg.mail.dao.P3MailJformInnerMailAttachDao }
[2017-07-24 00:23:25] [INFO] [org.jeecgframework.minidao.aop.MiniDaoHandler:48] register minidao name is { com.jeecg.mail.dao.P3MailJformInnerMailDao }
[2017-07-24 00:23:25] [INFO] [org.jeecgframework.minidao.aop.MiniDaoHandler:48] register minidao name is { com.jeecg.mail.dao.P3MailJformInnerMailReceiverDao }
[2017-07-24 00:23:25] [INFO] [org.jeecgframework.minidao.aop.MiniDaoHandler:48] register minidao name is { com.jeecg.mail.dao.P3MailTSBaseUserDao }
[2017-07-24 00:23:25] [INFO] [org.jeecgframework.minidao.aop.MiniDaoHandler:48] register minidao name is { com.jeecg.mail.dao.P3MailTSUserDao }
[2017-07-24 00:23:25] [INFO] [org.jeecgframework.minidao.aop.MiniDaoHandler:48] register minidao name is { com.jeecg.chat.dao.ChatMessageHistoryDao }
[2017-07-24 00:23:25] [INFO] [org.jeecgframework.minidao.aop.MiniDaoHandler:48] register minidao name is { com.jeecg.chat.dao.ImDao }
[2017-07-24 00:23:26] [INFO] [org.jeecgframework.core.timer.DataBaseSchedulerFactoryBean:111] Spring's Quartz 1.x support is deprecated - please upgrade to Quartz 2.0+
[2017-07-24 00:23:26] [INFO] [com.alibaba.druid.pool.DruidDataSource:450] {dataSource-1} inited
[2017-07-24 00:23:28] [WARN] [org.hibernate.id.UUIDHexGenerator:59] HHH000409: Using org.hibernate.id.UUIDHexGenerator which does not generate IETF RFC 4122 compliant UUID values; consider using org.hibernate.id.UUIDGenerator instead
[2017-07-24 00:23:30] [WARN] [net.sf.ehcache.distribution.RMICacheManagerPeerListener:120] Explicitly setting the listener hostname to 'localhost' is not recommended. It will only work if all CacheManager peers are on the same machine.
[2017-07-24 00:23:32] [INFO] [org.quartz.core.SchedulerSignalerImpl:63] Initialized Scheduler Signaller of type: class org.quartz.core.SchedulerSignalerImpl
[2017-07-24 00:23:32] [INFO] [org.quartz.core.QuartzScheduler:215] Quartz Scheduler v.1.6.2 created.
[2017-07-24 00:23:32] [INFO] [org.quartz.simpl.RAMJobStore:141] RAMJobStore initialized.
[2017-07-24 00:23:32] [INFO] [org.quartz.impl.StdSchedulerFactory:1224] Quartz scheduler 'schedulerFactory' initialized from an externally provided properties instance.
[2017-07-24 00:23:32] [INFO] [org.quartz.impl.StdSchedulerFactory:1228] Quartz scheduler version: 1.6.2
[2017-07-24 00:23:32] [INFO] [org.quartz.core.QuartzScheduler:2094] JobFactory set to: org.springframework.scheduling.quartz.AdaptableJobFactory@784f4ef6
[2017-07-24 00:23:34] [INFO] [org.jeecgframework.core.timer.DataBaseSchedulerFactoryBean:648] Starting Quartz Scheduler now
[2017-07-24 00:23:34] [INFO] [org.quartz.core.QuartzScheduler:461] Scheduler schedulerFactory_$_NON_CLUSTERED started.
[2017-07-24 00:23:43] [INFO] [com.jeecg.chat.web.WebSocket:250] 当前登录人id为：8a8ab0b246dc81120146dc8181950052
[2017-07-24 00:23:52] [WARN] [org.hibernate.engine.jdbc.spi.SqlExceptionHelper:143] SQL Error: 0, SQLState: S1009
[2017-07-24 00:23:52] [ERROR] [org.hibernate.engine.jdbc.spi.SqlExceptionHelper:144] Invalid argument value: java.lang.ArrayIndexOutOfBoundsException
[2017-07-24 00:23:54] [WARN] [org.hibernate.engine.jdbc.spi.SqlExceptionHelper:143] SQL Error: 0, SQLState: S1009
[2017-07-24 00:23:54] [ERROR] [org.hibernate.engine.jdbc.spi.SqlExceptionHelper:144] Invalid argument value: java.lang.ArrayIndexOutOfBoundsException
[2017-07-24 00:23:54] [ERROR] [org.jeecgframework.core.common.exception.GlobalExceptionResolver:86] 全局处理异常捕获:
org.jeecgframework.core.online.exception.CgReportNotFoundException: 动态报表配置不存在!
	at org.jeecgframework.web.cgreport.controller.core.CgReportController.popup(CgReportController.java:135)
	at sun.reflect.NativeMethodAccessorImpl.invoke0(Native Method)
	at sun.reflect.NativeMethodAccessorImpl.invoke(NativeMethodAccessorImpl.java:57)
	at sun.reflect.DelegatingMethodAccessorImpl.invoke(DelegatingMethodAccessorImpl.java:43)
	at java.lang.reflect.Method.invoke(Method.java:601)
	at org.springframework.web.bind.annotation.support.HandlerMethodInvoker.invokeHandlerMethod(HandlerMethodInvoker.java:175)
	at org.springframework.web.servlet.mvc.annotation.AnnotationMethodHandlerAdapter.invokeHandlerMethod(AnnotationMethodHandlerAdapter.java:446)
	at org.springframework.web.servlet.mvc.annotation.AnnotationMethodHandlerAdapter.handle(AnnotationMethodHandlerAdapter.java:434)
	at org.springframework.web.servlet.DispatcherServlet.doDispatch(DispatcherServlet.java:938)
	at org.springframework.web.servlet.DispatcherServlet.doService(DispatcherServlet.java:870)
	at org.springframework.web.servlet.FrameworkServlet.processRequest(FrameworkServlet.java:961)
	at org.springframework.web.servlet.FrameworkServlet.doGet(FrameworkServlet.java:852)
	at javax.servlet.http.HttpServlet.service(HttpServlet.java:617)
	at org.springframework.web.servlet.FrameworkServlet.service(FrameworkServlet.java:837)
	at javax.servlet.http.HttpServlet.service(HttpServlet.java:717)
	at org.apache.catalina.core.ApplicationFilterChain.internalDoFilter(ApplicationFilterChain.java:290)
	at org.apache.catalina.core.ApplicationFilterChain.doFilter(ApplicationFilterChain.java:206)
	at org.jeecgframework.core.aop.GZipFilter.doFilter(GZipFilter.java:93)
	at org.apache.catalina.core.ApplicationFilterChain.internalDoFilter(ApplicationFilterChain.java:235)
	at org.apache.catalina.core.ApplicationFilterChain.doFilter(ApplicationFilterChain.java:206)
	at com.alibaba.druid.support.http.WebStatFilter.doFilter(WebStatFilter.java:140)
	at org.apache.catalina.core.ApplicationFilterChain.internalDoFilter(ApplicationFilterChain.java:235)
	at org.apache.catalina.core.ApplicationFilterChain.doFilter(ApplicationFilterChain.java:206)
	at org.springframework.web.filter.CharacterEncodingFilter.doFilterInternal(CharacterEncodingFilter.java:88)
	at org.springframework.web.filter.OncePerRequestFilter.doFilter(OncePerRequestFilter.java:107)
	at org.apache.catalina.core.ApplicationFilterChain.internalDoFilter(ApplicationFilterChain.java:235)
	at org.apache.catalina.core.ApplicationFilterChain.doFilter(ApplicationFilterChain.java:206)
	at org.springframework.orm.hibernate4.support.OpenSessionInViewFilter.doFilterInternal(OpenSessionInViewFilter.java:150)
	at org.springframework.web.filter.OncePerRequestFilter.doFilter(OncePerRequestFilter.java:107)
	at org.apache.catalina.core.ApplicationFilterChain.internalDoFilter(ApplicationFilterChain.java:235)
	at org.apache.catalina.core.ApplicationFilterChain.doFilter(ApplicationFilterChain.java:206)
	at org.apache.catalina.core.StandardWrapperValve.invoke(StandardWrapperValve.java:233)
	at org.apache.catalina.core.StandardContextValve.invoke(StandardContextValve.java:191)
	at org.apache.catalina.core.StandardHostValve.invoke(StandardHostValve.java:127)
	at org.apache.catalina.valves.ErrorReportValve.invoke(ErrorReportValve.java:102)
	at org.apache.catalina.core.StandardEngineValve.invoke(StandardEngineValve.java:109)
	at org.apache.catalina.connector.CoyoteAdapter.service(CoyoteAdapter.java:298)
	at org.apache.coyote.http11.Http11Processor.process(Http11Processor.java:857)
	at org.apache.coyote.http11.Http11Protocol$Http11ConnectionHandler.process(Http11Protocol.java:588)
	at org.apache.tomcat.util.net.JIoEndpoint$Worker.run(JIoEndpoint.java:489)
	at java.lang.Thread.run(Thread.java:722)
[2017-07-24 00:26:32] [WARN] [org.hibernate.engine.jdbc.spi.SqlExceptionHelper:143] SQL Error: 0, SQLState: S1009
[2017-07-24 00:26:32] [ERROR] [org.hibernate.engine.jdbc.spi.SqlExceptionHelper:144] Invalid argument value: java.lang.ArrayIndexOutOfBoundsException
[2017-07-24 00:26:32] [WARN] [org.hibernate.engine.jdbc.spi.SqlExceptionHelper:143] SQL Error: 0, SQLState: S1009
[2017-07-24 00:26:32] [ERROR] [org.hibernate.engine.jdbc.spi.SqlExceptionHelper:144] Invalid argument value: java.lang.ArrayIndexOutOfBoundsException
[2017-07-24 00:26:32] [ERROR] [org.jeecgframework.core.common.exception.GlobalExceptionResolver:86] 全局处理异常捕获:
org.jeecgframework.core.online.exception.CgReportNotFoundException: 动态报表配置不存在!
	at org.jeecgframework.web.cgreport.controller.core.CgReportController.popup(CgReportController.java:135)
	at sun.reflect.NativeMethodAccessorImpl.invoke0(Native Method)
	at sun.reflect.NativeMethodAccessorImpl.invoke(NativeMethodAccessorImpl.java:57)
	at sun.reflect.DelegatingMethodAccessorImpl.invoke(DelegatingMethodAccessorImpl.java:43)
	at java.lang.reflect.Method.invoke(Method.java:601)
	at org.springframework.web.bind.annotation.support.HandlerMethodInvoker.invokeHandlerMethod(HandlerMethodInvoker.java:175)
	at org.springframework.web.servlet.mvc.annotation.AnnotationMethodHandlerAdapter.invokeHandlerMethod(AnnotationMethodHandlerAdapter.java:446)
	at org.springframework.web.servlet.mvc.annotation.AnnotationMethodHandlerAdapter.handle(AnnotationMethodHandlerAdapter.java:434)
	at org.springframework.web.servlet.DispatcherServlet.doDispatch(DispatcherServlet.java:938)
	at org.springframework.web.servlet.DispatcherServlet.doService(DispatcherServlet.java:870)
	at org.springframework.web.servlet.FrameworkServlet.processRequest(FrameworkServlet.java:961)
	at org.springframework.web.servlet.FrameworkServlet.doGet(FrameworkServlet.java:852)
	at javax.servlet.http.HttpServlet.service(HttpServlet.java:617)
	at org.springframework.web.servlet.FrameworkServlet.service(FrameworkServlet.java:837)
	at javax.servlet.http.HttpServlet.service(HttpServlet.java:717)
	at org.apache.catalina.core.ApplicationFilterChain.internalDoFilter(ApplicationFilterChain.java:290)
	at org.apache.catalina.core.ApplicationFilterChain.doFilter(ApplicationFilterChain.java:206)
	at org.jeecgframework.core.aop.GZipFilter.doFilter(GZipFilter.java:93)
	at org.apache.catalina.core.ApplicationFilterChain.internalDoFilter(ApplicationFilterChain.java:235)
	at org.apache.catalina.core.ApplicationFilterChain.doFilter(ApplicationFilterChain.java:206)
	at com.alibaba.druid.support.http.WebStatFilter.doFilter(WebStatFilter.java:140)
	at org.apache.catalina.core.ApplicationFilterChain.internalDoFilter(ApplicationFilterChain.java:235)
	at org.apache.catalina.core.ApplicationFilterChain.doFilter(ApplicationFilterChain.java:206)
	at org.springframework.web.filter.CharacterEncodingFilter.doFilterInternal(CharacterEncodingFilter.java:88)
	at org.springframework.web.filter.OncePerRequestFilter.doFilter(OncePerRequestFilter.java:107)
	at org.apache.catalina.core.ApplicationFilterChain.internalDoFilter(ApplicationFilterChain.java:235)
	at org.apache.catalina.core.ApplicationFilterChain.doFilter(ApplicationFilterChain.java:206)
	at org.springframework.orm.hibernate4.support.OpenSessionInViewFilter.doFilterInternal(OpenSessionInViewFilter.java:150)
	at org.springframework.web.filter.OncePerRequestFilter.doFilter(OncePerRequestFilter.java:107)
	at org.apache.catalina.core.ApplicationFilterChain.internalDoFilter(ApplicationFilterChain.java:235)
	at org.apache.catalina.core.ApplicationFilterChain.doFilter(ApplicationFilterChain.java:206)
	at org.apache.catalina.core.StandardWrapperValve.invoke(StandardWrapperValve.java:233)
	at org.apache.catalina.core.StandardContextValve.invoke(StandardContextValve.java:191)
	at org.apache.catalina.core.StandardHostValve.invoke(StandardHostValve.java:127)
	at org.apache.catalina.valves.ErrorReportValve.invoke(ErrorReportValve.java:102)
	at org.apache.catalina.core.StandardEngineValve.invoke(StandardEngineValve.java:109)
	at org.apache.catalina.connector.CoyoteAdapter.service(CoyoteAdapter.java:298)
	at org.apache.coyote.http11.Http11Processor.process(Http11Processor.java:857)
	at org.apache.coyote.http11.Http11Protocol$Http11ConnectionHandler.process(Http11Protocol.java:588)
	at org.apache.tomcat.util.net.JIoEndpoint$Worker.run(JIoEndpoint.java:489)
	at java.lang.Thread.run(Thread.java:722)
[2017-07-24 00:28:05] [INFO] [org.jeecgframework.web.cgform.service.impl.autolist.ConfigServiceImpl:72] -- columns -- size--13
[2017-07-24 00:28:39] [WARN] [org.hibernate.engine.jdbc.spi.SqlExceptionHelper:143] SQL Error: 0, SQLState: S1009
[2017-07-24 00:28:39] [ERROR] [org.hibernate.engine.jdbc.spi.SqlExceptionHelper:144] Invalid argument value: java.lang.ArrayIndexOutOfBoundsException
[2017-07-24 00:28:39] [WARN] [org.hibernate.engine.jdbc.spi.SqlExceptionHelper:143] SQL Error: 0, SQLState: S1009
[2017-07-24 00:28:39] [ERROR] [org.hibernate.engine.jdbc.spi.SqlExceptionHelper:144] Invalid argument value: java.lang.ArrayIndexOutOfBoundsException
[2017-07-24 00:28:39] [ERROR] [org.jeecgframework.core.common.exception.GlobalExceptionResolver:86] 全局处理异常捕获:
org.jeecgframework.core.online.exception.CgReportNotFoundException: 动态报表配置不存在!
	at org.jeecgframework.web.cgreport.controller.core.CgReportController.popup(CgReportController.java:135)
	at sun.reflect.NativeMethodAccessorImpl.invoke0(Native Method)
	at sun.reflect.NativeMethodAccessorImpl.invoke(NativeMethodAccessorImpl.java:57)
	at sun.reflect.DelegatingMethodAccessorImpl.invoke(DelegatingMethodAccessorImpl.java:43)
	at java.lang.reflect.Method.invoke(Method.java:601)
	at org.springframework.web.bind.annotation.support.HandlerMethodInvoker.invokeHandlerMethod(HandlerMethodInvoker.java:175)
	at org.springframework.web.servlet.mvc.annotation.AnnotationMethodHandlerAdapter.invokeHandlerMethod(AnnotationMethodHandlerAdapter.java:446)
	at org.springframework.web.servlet.mvc.annotation.AnnotationMethodHandlerAdapter.handle(AnnotationMethodHandlerAdapter.java:434)
	at org.springframework.web.servlet.DispatcherServlet.doDispatch(DispatcherServlet.java:938)
	at org.springframework.web.servlet.DispatcherServlet.doService(DispatcherServlet.java:870)
	at org.springframework.web.servlet.FrameworkServlet.processRequest(FrameworkServlet.java:961)
	at org.springframework.web.servlet.FrameworkServlet.doGet(FrameworkServlet.java:852)
	at javax.servlet.http.HttpServlet.service(HttpServlet.java:617)
	at org.springframework.web.servlet.FrameworkServlet.service(FrameworkServlet.java:837)
	at javax.servlet.http.HttpServlet.service(HttpServlet.java:717)
	at org.apache.catalina.core.ApplicationFilterChain.internalDoFilter(ApplicationFilterChain.java:290)
	at org.apache.catalina.core.ApplicationFilterChain.doFilter(ApplicationFilterChain.java:206)
	at org.jeecgframework.core.aop.GZipFilter.doFilter(GZipFilter.java:93)
	at org.apache.catalina.core.ApplicationFilterChain.internalDoFilter(ApplicationFilterChain.java:235)
	at org.apache.catalina.core.ApplicationFilterChain.doFilter(ApplicationFilterChain.java:206)
	at com.alibaba.druid.support.http.WebStatFilter.doFilter(WebStatFilter.java:140)
	at org.apache.catalina.core.ApplicationFilterChain.internalDoFilter(ApplicationFilterChain.java:235)
	at org.apache.catalina.core.ApplicationFilterChain.doFilter(ApplicationFilterChain.java:206)
	at org.springframework.web.filter.CharacterEncodingFilter.doFilterInternal(CharacterEncodingFilter.java:88)
	at org.springframework.web.filter.OncePerRequestFilter.doFilter(OncePerRequestFilter.java:107)
	at org.apache.catalina.core.ApplicationFilterChain.internalDoFilter(ApplicationFilterChain.java:235)
	at org.apache.catalina.core.ApplicationFilterChain.doFilter(ApplicationFilterChain.java:206)
	at org.springframework.orm.hibernate4.support.OpenSessionInViewFilter.doFilterInternal(OpenSessionInViewFilter.java:150)
	at org.springframework.web.filter.OncePerRequestFilter.doFilter(OncePerRequestFilter.java:107)
	at org.apache.catalina.core.ApplicationFilterChain.internalDoFilter(ApplicationFilterChain.java:235)
	at org.apache.catalina.core.ApplicationFilterChain.doFilter(ApplicationFilterChain.java:206)
	at org.apache.catalina.core.StandardWrapperValve.invoke(StandardWrapperValve.java:233)
	at org.apache.catalina.core.StandardContextValve.invoke(StandardContextValve.java:191)
	at org.apache.catalina.core.StandardHostValve.invoke(StandardHostValve.java:127)
	at org.apache.catalina.valves.ErrorReportValve.invoke(ErrorReportValve.java:102)
	at org.apache.catalina.core.StandardEngineValve.invoke(StandardEngineValve.java:109)
	at org.apache.catalina.connector.CoyoteAdapter.service(CoyoteAdapter.java:298)
	at org.apache.coyote.http11.Http11Processor.process(Http11Processor.java:857)
	at org.apache.coyote.http11.Http11Protocol$Http11ConnectionHandler.process(Http11Protocol.java:588)
	at org.apache.tomcat.util.net.JIoEndpoint$Worker.run(JIoEndpoint.java:489)
	at java.lang.Thread.run(Thread.java:722)
[2017-07-24 00:31:07] [WARN] [org.hibernate.engine.jdbc.spi.SqlExceptionHelper:143] SQL Error: 0, SQLState: S1009
[2017-07-24 00:31:07] [ERROR] [org.hibernate.engine.jdbc.spi.SqlExceptionHelper:144] Invalid argument value: java.lang.ArrayIndexOutOfBoundsException
[2017-07-24 00:31:07] [WARN] [org.hibernate.engine.jdbc.spi.SqlExceptionHelper:143] SQL Error: 0, SQLState: S1009
[2017-07-24 00:31:07] [ERROR] [org.hibernate.engine.jdbc.spi.SqlExceptionHelper:144] Invalid argument value: java.lang.ArrayIndexOutOfBoundsException
[2017-07-24 00:31:07] [ERROR] [org.jeecgframework.core.common.exception.GlobalExceptionResolver:86] 全局处理异常捕获:
org.jeecgframework.core.online.exception.CgReportNotFoundException: 动态报表配置不存在!
	at org.jeecgframework.web.cgreport.controller.core.CgReportController.popup(CgReportController.java:135)
	at sun.reflect.NativeMethodAccessorImpl.invoke0(Native Method)
	at sun.reflect.NativeMethodAccessorImpl.invoke(NativeMethodAccessorImpl.java:57)
	at sun.reflect.DelegatingMethodAccessorImpl.invoke(DelegatingMethodAccessorImpl.java:43)
	at java.lang.reflect.Method.invoke(Method.java:601)
	at org.springframework.web.bind.annotation.support.HandlerMethodInvoker.invokeHandlerMethod(HandlerMethodInvoker.java:175)
	at org.springframework.web.servlet.mvc.annotation.AnnotationMethodHandlerAdapter.invokeHandlerMethod(AnnotationMethodHandlerAdapter.java:446)
	at org.springframework.web.servlet.mvc.annotation.AnnotationMethodHandlerAdapter.handle(AnnotationMethodHandlerAdapter.java:434)
	at org.springframework.web.servlet.DispatcherServlet.doDispatch(DispatcherServlet.java:938)
	at org.springframework.web.servlet.DispatcherServlet.doService(DispatcherServlet.java:870)
	at org.springframework.web.servlet.FrameworkServlet.processRequest(FrameworkServlet.java:961)
	at org.springframework.web.servlet.FrameworkServlet.doGet(FrameworkServlet.java:852)
	at javax.servlet.http.HttpServlet.service(HttpServlet.java:617)
	at org.springframework.web.servlet.FrameworkServlet.service(FrameworkServlet.java:837)
	at javax.servlet.http.HttpServlet.service(HttpServlet.java:717)
	at org.apache.catalina.core.ApplicationFilterChain.internalDoFilter(ApplicationFilterChain.java:290)
	at org.apache.catalina.core.ApplicationFilterChain.doFilter(ApplicationFilterChain.java:206)
	at org.jeecgframework.core.aop.GZipFilter.doFilter(GZipFilter.java:93)
	at org.apache.catalina.core.ApplicationFilterChain.internalDoFilter(ApplicationFilterChain.java:235)
	at org.apache.catalina.core.ApplicationFilterChain.doFilter(ApplicationFilterChain.java:206)
	at com.alibaba.druid.support.http.WebStatFilter.doFilter(WebStatFilter.java:140)
	at org.apache.catalina.core.ApplicationFilterChain.internalDoFilter(ApplicationFilterChain.java:235)
	at org.apache.catalina.core.ApplicationFilterChain.doFilter(ApplicationFilterChain.java:206)
	at org.springframework.web.filter.CharacterEncodingFilter.doFilterInternal(CharacterEncodingFilter.java:88)
	at org.springframework.web.filter.OncePerRequestFilter.doFilter(OncePerRequestFilter.java:107)
	at org.apache.catalina.core.ApplicationFilterChain.internalDoFilter(ApplicationFilterChain.java:235)
	at org.apache.catalina.core.ApplicationFilterChain.doFilter(ApplicationFilterChain.java:206)
	at org.springframework.orm.hibernate4.support.OpenSessionInViewFilter.doFilterInternal(OpenSessionInViewFilter.java:150)
	at org.springframework.web.filter.OncePerRequestFilter.doFilter(OncePerRequestFilter.java:107)
	at org.apache.catalina.core.ApplicationFilterChain.internalDoFilter(ApplicationFilterChain.java:235)
	at org.apache.catalina.core.ApplicationFilterChain.doFilter(ApplicationFilterChain.java:206)
	at org.apache.catalina.core.StandardWrapperValve.invoke(StandardWrapperValve.java:233)
	at org.apache.catalina.core.StandardContextValve.invoke(StandardContextValve.java:191)
	at org.apache.catalina.core.StandardHostValve.invoke(StandardHostValve.java:127)
	at org.apache.catalina.valves.ErrorReportValve.invoke(ErrorReportValve.java:102)
	at org.apache.catalina.core.StandardEngineValve.invoke(StandardEngineValve.java:109)
	at org.apache.catalina.connector.CoyoteAdapter.service(CoyoteAdapter.java:298)
	at org.apache.coyote.http11.Http11Processor.process(Http11Processor.java:857)
	at org.apache.coyote.http11.Http11Protocol$Http11ConnectionHandler.process(Http11Protocol.java:588)
	at org.apache.tomcat.util.net.JIoEndpoint$Worker.run(JIoEndpoint.java:489)
	at java.lang.Thread.run(Thread.java:722)
[2017-07-24 00:33:15] [INFO] [org.jeecgframework.minidao.aop.MiniDaoHandler:48] register minidao name is { org.jeecgframework.web.cgdynamgraph.dao.core.CgDynamGraphDao }
[2017-07-24 00:33:15] [INFO] [org.jeecgframework.minidao.aop.MiniDaoHandler:48] register minidao name is { org.jeecgframework.web.cgform.dao.config.CgFormFieldDao }
[2017-07-24 00:33:15] [INFO] [org.jeecgframework.minidao.aop.MiniDaoHandler:48] register minidao name is { org.jeecgframework.web.cgform.dao.config.CgFormVersionDao }
[2017-07-24 00:33:15] [INFO] [org.jeecgframework.minidao.aop.MiniDaoHandler:48] register minidao name is { org.jeecgframework.web.cgform.dao.upload.CgFormUploadDao }
[2017-07-24 00:33:15] [INFO] [org.jeecgframework.minidao.aop.MiniDaoHandler:48] register minidao name is { org.jeecgframework.web.cgreport.dao.core.CgReportDao }
[2017-07-24 00:33:15] [INFO] [org.jeecgframework.minidao.aop.MiniDaoHandler:48] register minidao name is { org.jeecgframework.web.system.dao.JeecgDictDao }
[2017-07-24 00:33:15] [INFO] [org.jeecgframework.minidao.aop.MiniDaoHandler:48] register minidao name is { com.jeecg.core.biz.dao.TSOperationDao }
[2017-07-24 00:33:15] [INFO] [org.jeecgframework.minidao.aop.MiniDaoHandler:48] register minidao name is { com.jeecg.core.biz.mutiLang.dao.P3MutiLangDao }
[2017-07-24 00:33:15] [INFO] [org.jeecgframework.minidao.aop.MiniDaoHandler:48] register minidao name is { com.jeecg.core.biz.tag.select.dict.dao.TSTypeDao }
[2017-07-24 00:33:15] [INFO] [org.jeecgframework.minidao.aop.MiniDaoHandler:48] register minidao name is { com.jeecg.core.biz.tag.select.table.dao.CustomTableDao }
[2017-07-24 00:33:15] [INFO] [org.jeecgframework.minidao.aop.MiniDaoHandler:48] register minidao name is { com.jeecg.actInvite.dao.WxActInviteDao }
[2017-07-24 00:33:15] [INFO] [org.jeecgframework.minidao.aop.MiniDaoHandler:48] register minidao name is { com.jeecg.auth.dao.JwSystemAuthDao }
[2017-07-24 00:33:15] [INFO] [org.jeecgframework.minidao.aop.MiniDaoHandler:48] register minidao name is { com.jeecg.domo.order.dao.JpDemoOrderCustomDao }
[2017-07-24 00:33:15] [INFO] [org.jeecgframework.minidao.aop.MiniDaoHandler:48] register minidao name is { com.jeecg.domo.order.dao.JpDemoOrderMainDao }
[2017-07-24 00:33:15] [INFO] [org.jeecgframework.minidao.aop.MiniDaoHandler:48] register minidao name is { com.jeecg.domo.order.dao.JpDemoOrderProductDao }
[2017-07-24 00:33:15] [INFO] [org.jeecgframework.minidao.aop.MiniDaoHandler:48] register minidao name is { com.jeecg.mail.dao.P3MailJformInnerMailAttachDao }
[2017-07-24 00:33:15] [INFO] [org.jeecgframework.minidao.aop.MiniDaoHandler:48] register minidao name is { com.jeecg.mail.dao.P3MailJformInnerMailDao }
[2017-07-24 00:33:15] [INFO] [org.jeecgframework.minidao.aop.MiniDaoHandler:48] register minidao name is { com.jeecg.mail.dao.P3MailJformInnerMailReceiverDao }
[2017-07-24 00:33:15] [INFO] [org.jeecgframework.minidao.aop.MiniDaoHandler:48] register minidao name is { com.jeecg.mail.dao.P3MailTSBaseUserDao }
[2017-07-24 00:33:15] [INFO] [org.jeecgframework.minidao.aop.MiniDaoHandler:48] register minidao name is { com.jeecg.mail.dao.P3MailTSUserDao }
[2017-07-24 00:33:15] [INFO] [org.jeecgframework.minidao.aop.MiniDaoHandler:48] register minidao name is { com.jeecg.chat.dao.ChatMessageHistoryDao }
[2017-07-24 00:33:15] [INFO] [org.jeecgframework.minidao.aop.MiniDaoHandler:48] register minidao name is { com.jeecg.chat.dao.ImDao }
[2017-07-24 00:33:15] [INFO] [org.jeecgframework.core.timer.DataBaseSchedulerFactoryBean:111] Spring's Quartz 1.x support is deprecated - please upgrade to Quartz 2.0+
[2017-07-24 00:33:15] [INFO] [com.alibaba.druid.pool.DruidDataSource:450] {dataSource-1} inited
[2017-07-24 00:33:17] [WARN] [org.hibernate.id.UUIDHexGenerator:59] HHH000409: Using org.hibernate.id.UUIDHexGenerator which does not generate IETF RFC 4122 compliant UUID values; consider using org.hibernate.id.UUIDGenerator instead
[2017-07-24 00:33:18] [WARN] [net.sf.ehcache.distribution.RMICacheManagerPeerListener:120] Explicitly setting the listener hostname to 'localhost' is not recommended. It will only work if all CacheManager peers are on the same machine.
[2017-07-24 00:33:20] [INFO] [org.quartz.core.SchedulerSignalerImpl:63] Initialized Scheduler Signaller of type: class org.quartz.core.SchedulerSignalerImpl
[2017-07-24 00:33:20] [INFO] [org.quartz.core.QuartzScheduler:215] Quartz Scheduler v.1.6.2 created.
[2017-07-24 00:33:20] [INFO] [org.quartz.simpl.RAMJobStore:141] RAMJobStore initialized.
[2017-07-24 00:33:20] [INFO] [org.quartz.impl.StdSchedulerFactory:1224] Quartz scheduler 'schedulerFactory' initialized from an externally provided properties instance.
[2017-07-24 00:33:20] [INFO] [org.quartz.impl.StdSchedulerFactory:1228] Quartz scheduler version: 1.6.2
[2017-07-24 00:33:20] [INFO] [org.quartz.core.QuartzScheduler:2094] JobFactory set to: org.springframework.scheduling.quartz.AdaptableJobFactory@bd18f08
[2017-07-24 00:33:22] [INFO] [org.jeecgframework.core.timer.DataBaseSchedulerFactoryBean:648] Starting Quartz Scheduler now
[2017-07-24 00:33:22] [INFO] [org.quartz.core.QuartzScheduler:461] Scheduler schedulerFactory_$_NON_CLUSTERED started.
[2017-07-24 00:33:50] [INFO] [com.jeecg.chat.web.WebSocket:250] 当前登录人id为：8a8ab0b246dc81120146dc8181950052
[2017-07-24 00:33:55] [WARN] [org.hibernate.engine.jdbc.spi.SqlExceptionHelper:143] SQL Error: 0, SQLState: S1009
[2017-07-24 00:33:55] [ERROR] [org.hibernate.engine.jdbc.spi.SqlExceptionHelper:144] Invalid argument value: java.lang.ArrayIndexOutOfBoundsException
[2017-07-24 00:33:55] [WARN] [org.hibernate.engine.jdbc.spi.SqlExceptionHelper:143] SQL Error: 0, SQLState: S1009
[2017-07-24 00:33:55] [ERROR] [org.hibernate.engine.jdbc.spi.SqlExceptionHelper:144] Invalid argument value: java.lang.ArrayIndexOutOfBoundsException
[2017-07-24 00:33:55] [ERROR] [org.jeecgframework.core.common.exception.GlobalExceptionResolver:86] 全局处理异常捕获:
org.jeecgframework.core.online.exception.CgReportNotFoundException: 动态报表配置不存在!
	at org.jeecgframework.web.cgreport.controller.core.CgReportController.popup(CgReportController.java:135)
	at sun.reflect.NativeMethodAccessorImpl.invoke0(Native Method)
	at sun.reflect.NativeMethodAccessorImpl.invoke(NativeMethodAccessorImpl.java:57)
	at sun.reflect.DelegatingMethodAccessorImpl.invoke(DelegatingMethodAccessorImpl.java:43)
	at java.lang.reflect.Method.invoke(Method.java:601)
	at org.springframework.web.bind.annotation.support.HandlerMethodInvoker.invokeHandlerMethod(HandlerMethodInvoker.java:175)
	at org.springframework.web.servlet.mvc.annotation.AnnotationMethodHandlerAdapter.invokeHandlerMethod(AnnotationMethodHandlerAdapter.java:446)
	at org.springframework.web.servlet.mvc.annotation.AnnotationMethodHandlerAdapter.handle(AnnotationMethodHandlerAdapter.java:434)
	at org.springframework.web.servlet.DispatcherServlet.doDispatch(DispatcherServlet.java:938)
	at org.springframework.web.servlet.DispatcherServlet.doService(DispatcherServlet.java:870)
	at org.springframework.web.servlet.FrameworkServlet.processRequest(FrameworkServlet.java:961)
	at org.springframework.web.servlet.FrameworkServlet.doGet(FrameworkServlet.java:852)
	at javax.servlet.http.HttpServlet.service(HttpServlet.java:617)
	at org.springframework.web.servlet.FrameworkServlet.service(FrameworkServlet.java:837)
	at javax.servlet.http.HttpServlet.service(HttpServlet.java:717)
	at org.apache.catalina.core.ApplicationFilterChain.internalDoFilter(ApplicationFilterChain.java:290)
	at org.apache.catalina.core.ApplicationFilterChain.doFilter(ApplicationFilterChain.java:206)
	at org.jeecgframework.core.aop.GZipFilter.doFilter(GZipFilter.java:93)
	at org.apache.catalina.core.ApplicationFilterChain.internalDoFilter(ApplicationFilterChain.java:235)
	at org.apache.catalina.core.ApplicationFilterChain.doFilter(ApplicationFilterChain.java:206)
	at com.alibaba.druid.support.http.WebStatFilter.doFilter(WebStatFilter.java:140)
	at org.apache.catalina.core.ApplicationFilterChain.internalDoFilter(ApplicationFilterChain.java:235)
	at org.apache.catalina.core.ApplicationFilterChain.doFilter(ApplicationFilterChain.java:206)
	at org.springframework.web.filter.CharacterEncodingFilter.doFilterInternal(CharacterEncodingFilter.java:88)
	at org.springframework.web.filter.OncePerRequestFilter.doFilter(OncePerRequestFilter.java:107)
	at org.apache.catalina.core.ApplicationFilterChain.internalDoFilter(ApplicationFilterChain.java:235)
	at org.apache.catalina.core.ApplicationFilterChain.doFilter(ApplicationFilterChain.java:206)
	at org.springframework.orm.hibernate4.support.OpenSessionInViewFilter.doFilterInternal(OpenSessionInViewFilter.java:150)
	at org.springframework.web.filter.OncePerRequestFilter.doFilter(OncePerRequestFilter.java:107)
	at org.apache.catalina.core.ApplicationFilterChain.internalDoFilter(ApplicationFilterChain.java:235)
	at org.apache.catalina.core.ApplicationFilterChain.doFilter(ApplicationFilterChain.java:206)
	at org.apache.catalina.core.StandardWrapperValve.invoke(StandardWrapperValve.java:233)
	at org.apache.catalina.core.StandardContextValve.invoke(StandardContextValve.java:191)
	at org.apache.catalina.core.StandardHostValve.invoke(StandardHostValve.java:127)
	at org.apache.catalina.valves.ErrorReportValve.invoke(ErrorReportValve.java:102)
	at org.apache.catalina.core.StandardEngineValve.invoke(StandardEngineValve.java:109)
	at org.apache.catalina.connector.CoyoteAdapter.service(CoyoteAdapter.java:298)
	at org.apache.coyote.http11.Http11Processor.process(Http11Processor.java:857)
	at org.apache.coyote.http11.Http11Protocol$Http11ConnectionHandler.process(Http11Protocol.java:588)
	at org.apache.tomcat.util.net.JIoEndpoint$Worker.run(JIoEndpoint.java:489)
	at java.lang.Thread.run(Thread.java:722)
[2017-07-24 00:36:47] [INFO] [org.jeecgframework.minidao.aop.MiniDaoHandler:48] register minidao name is { org.jeecgframework.web.cgdynamgraph.dao.core.CgDynamGraphDao }
[2017-07-24 00:36:47] [INFO] [org.jeecgframework.minidao.aop.MiniDaoHandler:48] register minidao name is { org.jeecgframework.web.cgform.dao.config.CgFormFieldDao }
[2017-07-24 00:36:47] [INFO] [org.jeecgframework.minidao.aop.MiniDaoHandler:48] register minidao name is { org.jeecgframework.web.cgform.dao.config.CgFormVersionDao }
[2017-07-24 00:36:47] [INFO] [org.jeecgframework.minidao.aop.MiniDaoHandler:48] register minidao name is { org.jeecgframework.web.cgform.dao.upload.CgFormUploadDao }
[2017-07-24 00:36:47] [INFO] [org.jeecgframework.minidao.aop.MiniDaoHandler:48] register minidao name is { org.jeecgframework.web.cgreport.dao.core.CgReportDao }
[2017-07-24 00:36:47] [INFO] [org.jeecgframework.minidao.aop.MiniDaoHandler:48] register minidao name is { org.jeecgframework.web.system.dao.JeecgDictDao }
[2017-07-24 00:36:47] [INFO] [org.jeecgframework.minidao.aop.MiniDaoHandler:48] register minidao name is { com.jeecg.core.biz.dao.TSOperationDao }
[2017-07-24 00:36:47] [INFO] [org.jeecgframework.minidao.aop.MiniDaoHandler:48] register minidao name is { com.jeecg.core.biz.mutiLang.dao.P3MutiLangDao }
[2017-07-24 00:36:47] [INFO] [org.jeecgframework.minidao.aop.MiniDaoHandler:48] register minidao name is { com.jeecg.core.biz.tag.select.dict.dao.TSTypeDao }
[2017-07-24 00:36:47] [INFO] [org.jeecgframework.minidao.aop.MiniDaoHandler:48] register minidao name is { com.jeecg.core.biz.tag.select.table.dao.CustomTableDao }
[2017-07-24 00:36:47] [INFO] [org.jeecgframework.minidao.aop.MiniDaoHandler:48] register minidao name is { com.jeecg.actInvite.dao.WxActInviteDao }
[2017-07-24 00:36:47] [INFO] [org.jeecgframework.minidao.aop.MiniDaoHandler:48] register minidao name is { com.jeecg.auth.dao.JwSystemAuthDao }
[2017-07-24 00:36:47] [INFO] [org.jeecgframework.minidao.aop.MiniDaoHandler:48] register minidao name is { com.jeecg.domo.order.dao.JpDemoOrderCustomDao }
[2017-07-24 00:36:47] [INFO] [org.jeecgframework.minidao.aop.MiniDaoHandler:48] register minidao name is { com.jeecg.domo.order.dao.JpDemoOrderMainDao }
[2017-07-24 00:36:47] [INFO] [org.jeecgframework.minidao.aop.MiniDaoHandler:48] register minidao name is { com.jeecg.domo.order.dao.JpDemoOrderProductDao }
[2017-07-24 00:36:47] [INFO] [org.jeecgframework.minidao.aop.MiniDaoHandler:48] register minidao name is { com.jeecg.mail.dao.P3MailJformInnerMailAttachDao }
[2017-07-24 00:36:47] [INFO] [org.jeecgframework.minidao.aop.MiniDaoHandler:48] register minidao name is { com.jeecg.mail.dao.P3MailJformInnerMailDao }
[2017-07-24 00:36:47] [INFO] [org.jeecgframework.minidao.aop.MiniDaoHandler:48] register minidao name is { com.jeecg.mail.dao.P3MailJformInnerMailReceiverDao }
[2017-07-24 00:36:47] [INFO] [org.jeecgframework.minidao.aop.MiniDaoHandler:48] register minidao name is { com.jeecg.mail.dao.P3MailTSBaseUserDao }
[2017-07-24 00:36:47] [INFO] [org.jeecgframework.minidao.aop.MiniDaoHandler:48] register minidao name is { com.jeecg.mail.dao.P3MailTSUserDao }
[2017-07-24 00:36:47] [INFO] [org.jeecgframework.minidao.aop.MiniDaoHandler:48] register minidao name is { com.jeecg.chat.dao.ChatMessageHistoryDao }
[2017-07-24 00:36:47] [INFO] [org.jeecgframework.minidao.aop.MiniDaoHandler:48] register minidao name is { com.jeecg.chat.dao.ImDao }
[2017-07-24 00:36:47] [INFO] [org.jeecgframework.core.timer.DataBaseSchedulerFactoryBean:111] Spring's Quartz 1.x support is deprecated - please upgrade to Quartz 2.0+
[2017-07-24 00:36:47] [INFO] [com.alibaba.druid.pool.DruidDataSource:450] {dataSource-1} inited
[2017-07-24 00:36:49] [WARN] [org.hibernate.id.UUIDHexGenerator:59] HHH000409: Using org.hibernate.id.UUIDHexGenerator which does not generate IETF RFC 4122 compliant UUID values; consider using org.hibernate.id.UUIDGenerator instead
[2017-07-24 00:36:50] [WARN] [net.sf.ehcache.distribution.RMICacheManagerPeerListener:120] Explicitly setting the listener hostname to 'localhost' is not recommended. It will only work if all CacheManager peers are on the same machine.
[2017-07-24 00:36:52] [INFO] [org.quartz.core.SchedulerSignalerImpl:63] Initialized Scheduler Signaller of type: class org.quartz.core.SchedulerSignalerImpl
[2017-07-24 00:36:52] [INFO] [org.quartz.core.QuartzScheduler:215] Quartz Scheduler v.1.6.2 created.
[2017-07-24 00:36:52] [INFO] [org.quartz.simpl.RAMJobStore:141] RAMJobStore initialized.
[2017-07-24 00:36:52] [INFO] [org.quartz.impl.StdSchedulerFactory:1224] Quartz scheduler 'schedulerFactory' initialized from an externally provided properties instance.
[2017-07-24 00:36:52] [INFO] [org.quartz.impl.StdSchedulerFactory:1228] Quartz scheduler version: 1.6.2
[2017-07-24 00:36:52] [INFO] [org.quartz.core.QuartzScheduler:2094] JobFactory set to: org.springframework.scheduling.quartz.AdaptableJobFactory@2752a5b0
[2017-07-24 00:36:54] [INFO] [org.jeecgframework.core.timer.DataBaseSchedulerFactoryBean:648] Starting Quartz Scheduler now
[2017-07-24 00:36:54] [INFO] [org.quartz.core.QuartzScheduler:461] Scheduler schedulerFactory_$_NON_CLUSTERED started.
[2017-07-24 00:37:32] [INFO] [com.jeecg.chat.web.WebSocket:250] 当前登录人id为：8a8ab0b246dc81120146dc8181950052
[2017-07-24 00:39:42] [INFO] [org.jeecgframework.minidao.aop.MiniDaoHandler:48] register minidao name is { org.jeecgframework.web.cgdynamgraph.dao.core.CgDynamGraphDao }
[2017-07-24 00:39:42] [INFO] [org.jeecgframework.minidao.aop.MiniDaoHandler:48] register minidao name is { org.jeecgframework.web.cgform.dao.config.CgFormFieldDao }
[2017-07-24 00:39:42] [INFO] [org.jeecgframework.minidao.aop.MiniDaoHandler:48] register minidao name is { org.jeecgframework.web.cgform.dao.config.CgFormVersionDao }
[2017-07-24 00:39:42] [INFO] [org.jeecgframework.minidao.aop.MiniDaoHandler:48] register minidao name is { org.jeecgframework.web.cgform.dao.upload.CgFormUploadDao }
[2017-07-24 00:39:42] [INFO] [org.jeecgframework.minidao.aop.MiniDaoHandler:48] register minidao name is { org.jeecgframework.web.cgreport.dao.core.CgReportDao }
[2017-07-24 00:39:42] [INFO] [org.jeecgframework.minidao.aop.MiniDaoHandler:48] register minidao name is { org.jeecgframework.web.system.dao.JeecgDictDao }
[2017-07-24 00:39:42] [INFO] [org.jeecgframework.minidao.aop.MiniDaoHandler:48] register minidao name is { com.jeecg.core.biz.dao.TSOperationDao }
[2017-07-24 00:39:42] [INFO] [org.jeecgframework.minidao.aop.MiniDaoHandler:48] register minidao name is { com.jeecg.core.biz.mutiLang.dao.P3MutiLangDao }
[2017-07-24 00:39:42] [INFO] [org.jeecgframework.minidao.aop.MiniDaoHandler:48] register minidao name is { com.jeecg.core.biz.tag.select.dict.dao.TSTypeDao }
[2017-07-24 00:39:42] [INFO] [org.jeecgframework.minidao.aop.MiniDaoHandler:48] register minidao name is { com.jeecg.core.biz.tag.select.table.dao.CustomTableDao }
[2017-07-24 00:39:42] [INFO] [org.jeecgframework.minidao.aop.MiniDaoHandler:48] register minidao name is { com.jeecg.actInvite.dao.WxActInviteDao }
[2017-07-24 00:39:42] [INFO] [org.jeecgframework.minidao.aop.MiniDaoHandler:48] register minidao name is { com.jeecg.auth.dao.JwSystemAuthDao }
[2017-07-24 00:39:42] [INFO] [org.jeecgframework.minidao.aop.MiniDaoHandler:48] register minidao name is { com.jeecg.domo.order.dao.JpDemoOrderCustomDao }
[2017-07-24 00:39:42] [INFO] [org.jeecgframework.minidao.aop.MiniDaoHandler:48] register minidao name is { com.jeecg.domo.order.dao.JpDemoOrderMainDao }
[2017-07-24 00:39:42] [INFO] [org.jeecgframework.minidao.aop.MiniDaoHandler:48] register minidao name is { com.jeecg.domo.order.dao.JpDemoOrderProductDao }
[2017-07-24 00:39:42] [INFO] [org.jeecgframework.minidao.aop.MiniDaoHandler:48] register minidao name is { com.jeecg.mail.dao.P3MailJformInnerMailAttachDao }
[2017-07-24 00:39:42] [INFO] [org.jeecgframework.minidao.aop.MiniDaoHandler:48] register minidao name is { com.jeecg.mail.dao.P3MailJformInnerMailDao }
[2017-07-24 00:39:42] [INFO] [org.jeecgframework.minidao.aop.MiniDaoHandler:48] register minidao name is { com.jeecg.mail.dao.P3MailJformInnerMailReceiverDao }
[2017-07-24 00:39:42] [INFO] [org.jeecgframework.minidao.aop.MiniDaoHandler:48] register minidao name is { com.jeecg.mail.dao.P3MailTSBaseUserDao }
[2017-07-24 00:39:42] [INFO] [org.jeecgframework.minidao.aop.MiniDaoHandler:48] register minidao name is { com.jeecg.mail.dao.P3MailTSUserDao }
[2017-07-24 00:39:42] [INFO] [org.jeecgframework.minidao.aop.MiniDaoHandler:48] register minidao name is { com.jeecg.chat.dao.ChatMessageHistoryDao }
[2017-07-24 00:39:42] [INFO] [org.jeecgframework.minidao.aop.MiniDaoHandler:48] register minidao name is { com.jeecg.chat.dao.ImDao }
[2017-07-24 00:39:42] [INFO] [org.jeecgframework.core.timer.DataBaseSchedulerFactoryBean:111] Spring's Quartz 1.x support is deprecated - please upgrade to Quartz 2.0+
[2017-07-24 00:39:42] [INFO] [com.alibaba.druid.pool.DruidDataSource:450] {dataSource-1} inited
[2017-07-24 00:39:44] [WARN] [org.hibernate.id.UUIDHexGenerator:59] HHH000409: Using org.hibernate.id.UUIDHexGenerator which does not generate IETF RFC 4122 compliant UUID values; consider using org.hibernate.id.UUIDGenerator instead
[2017-07-24 00:39:45] [WARN] [net.sf.ehcache.distribution.RMICacheManagerPeerListener:120] Explicitly setting the listener hostname to 'localhost' is not recommended. It will only work if all CacheManager peers are on the same machine.
[2017-07-24 00:39:47] [INFO] [org.quartz.core.SchedulerSignalerImpl:63] Initialized Scheduler Signaller of type: class org.quartz.core.SchedulerSignalerImpl
[2017-07-24 00:39:47] [INFO] [org.quartz.core.QuartzScheduler:215] Quartz Scheduler v.1.6.2 created.
[2017-07-24 00:39:47] [INFO] [org.quartz.simpl.RAMJobStore:141] RAMJobStore initialized.
[2017-07-24 00:39:47] [INFO] [org.quartz.impl.StdSchedulerFactory:1224] Quartz scheduler 'schedulerFactory' initialized from an externally provided properties instance.
[2017-07-24 00:39:47] [INFO] [org.quartz.impl.StdSchedulerFactory:1228] Quartz scheduler version: 1.6.2
[2017-07-24 00:39:47] [INFO] [org.quartz.core.QuartzScheduler:2094] JobFactory set to: org.springframework.scheduling.quartz.AdaptableJobFactory@4b004774
[2017-07-24 00:39:49] [INFO] [org.jeecgframework.core.timer.DataBaseSchedulerFactoryBean:648] Starting Quartz Scheduler now
[2017-07-24 00:39:49] [INFO] [org.quartz.core.QuartzScheduler:461] Scheduler schedulerFactory_$_NON_CLUSTERED started.
[2017-07-24 00:40:00] [INFO] [com.jeecg.chat.web.WebSocket:250] 当前登录人id为：8a8ab0b246dc81120146dc8181950052
[2017-07-24 00:40:10] [ERROR] [org.jeecgframework.core.common.exception.GlobalExceptionResolver:86] 全局处理异常捕获:
org.jeecgframework.core.online.exception.CgReportNotFoundException: 动态报表配置不存在!
	at org.jeecgframework.web.cgreport.controller.core.CgReportController.popup(CgReportController.java:135)
	at sun.reflect.NativeMethodAccessorImpl.invoke0(Native Method)
	at sun.reflect.NativeMethodAccessorImpl.invoke(NativeMethodAccessorImpl.java:57)
	at sun.reflect.DelegatingMethodAccessorImpl.invoke(DelegatingMethodAccessorImpl.java:43)
	at java.lang.reflect.Method.invoke(Method.java:601)
	at org.springframework.web.bind.annotation.support.HandlerMethodInvoker.invokeHandlerMethod(HandlerMethodInvoker.java:175)
	at org.springframework.web.servlet.mvc.annotation.AnnotationMethodHandlerAdapter.invokeHandlerMethod(AnnotationMethodHandlerAdapter.java:446)
	at org.springframework.web.servlet.mvc.annotation.AnnotationMethodHandlerAdapter.handle(AnnotationMethodHandlerAdapter.java:434)
	at org.springframework.web.servlet.DispatcherServlet.doDispatch(DispatcherServlet.java:938)
	at org.springframework.web.servlet.DispatcherServlet.doService(DispatcherServlet.java:870)
	at org.springframework.web.servlet.FrameworkServlet.processRequest(FrameworkServlet.java:961)
	at org.springframework.web.servlet.FrameworkServlet.doGet(FrameworkServlet.java:852)
	at javax.servlet.http.HttpServlet.service(HttpServlet.java:617)
	at org.springframework.web.servlet.FrameworkServlet.service(FrameworkServlet.java:837)
	at javax.servlet.http.HttpServlet.service(HttpServlet.java:717)
	at org.apache.catalina.core.ApplicationFilterChain.internalDoFilter(ApplicationFilterChain.java:290)
	at org.apache.catalina.core.ApplicationFilterChain.doFilter(ApplicationFilterChain.java:206)
	at org.jeecgframework.core.aop.GZipFilter.doFilter(GZipFilter.java:93)
	at org.apache.catalina.core.ApplicationFilterChain.internalDoFilter(ApplicationFilterChain.java:235)
	at org.apache.catalina.core.ApplicationFilterChain.doFilter(ApplicationFilterChain.java:206)
	at com.alibaba.druid.support.http.WebStatFilter.doFilter(WebStatFilter.java:140)
	at org.apache.catalina.core.ApplicationFilterChain.internalDoFilter(ApplicationFilterChain.java:235)
	at org.apache.catalina.core.ApplicationFilterChain.doFilter(ApplicationFilterChain.java:206)
	at org.springframework.web.filter.CharacterEncodingFilter.doFilterInternal(CharacterEncodingFilter.java:88)
	at org.springframework.web.filter.OncePerRequestFilter.doFilter(OncePerRequestFilter.java:107)
	at org.apache.catalina.core.ApplicationFilterChain.internalDoFilter(ApplicationFilterChain.java:235)
	at org.apache.catalina.core.ApplicationFilterChain.doFilter(ApplicationFilterChain.java:206)
	at org.springframework.orm.hibernate4.support.OpenSessionInViewFilter.doFilterInternal(OpenSessionInViewFilter.java:150)
	at org.springframework.web.filter.OncePerRequestFilter.doFilter(OncePerRequestFilter.java:107)
	at org.apache.catalina.core.ApplicationFilterChain.internalDoFilter(ApplicationFilterChain.java:235)
	at org.apache.catalina.core.ApplicationFilterChain.doFilter(ApplicationFilterChain.java:206)
	at org.apache.catalina.core.StandardWrapperValve.invoke(StandardWrapperValve.java:233)
	at org.apache.catalina.core.StandardContextValve.invoke(StandardContextValve.java:191)
	at org.apache.catalina.core.StandardHostValve.invoke(StandardHostValve.java:127)
	at org.apache.catalina.valves.ErrorReportValve.invoke(ErrorReportValve.java:102)
	at org.apache.catalina.core.StandardEngineValve.invoke(StandardEngineValve.java:109)
	at org.apache.catalina.connector.CoyoteAdapter.service(CoyoteAdapter.java:298)
	at org.apache.coyote.http11.Http11Processor.process(Http11Processor.java:857)
	at org.apache.coyote.http11.Http11Protocol$Http11ConnectionHandler.process(Http11Protocol.java:588)
	at org.apache.tomcat.util.net.JIoEndpoint$Worker.run(JIoEndpoint.java:489)
	at java.lang.Thread.run(Thread.java:722)
[2017-07-24 00:41:42] [ERROR] [org.jeecgframework.core.common.exception.GlobalExceptionResolver:86] 全局处理异常捕获:
org.jeecgframework.core.online.exception.CgReportNotFoundException: 动态报表配置不存在!
	at org.jeecgframework.web.cgreport.controller.core.CgReportController.popup(CgReportController.java:135)
	at sun.reflect.NativeMethodAccessorImpl.invoke0(Native Method)
	at sun.reflect.NativeMethodAccessorImpl.invoke(NativeMethodAccessorImpl.java:57)
	at sun.reflect.DelegatingMethodAccessorImpl.invoke(DelegatingMethodAccessorImpl.java:43)
	at java.lang.reflect.Method.invoke(Method.java:601)
	at org.springframework.web.bind.annotation.support.HandlerMethodInvoker.invokeHandlerMethod(HandlerMethodInvoker.java:175)
	at org.springframework.web.servlet.mvc.annotation.AnnotationMethodHandlerAdapter.invokeHandlerMethod(AnnotationMethodHandlerAdapter.java:446)
	at org.springframework.web.servlet.mvc.annotation.AnnotationMethodHandlerAdapter.handle(AnnotationMethodHandlerAdapter.java:434)
	at org.springframework.web.servlet.DispatcherServlet.doDispatch(DispatcherServlet.java:938)
	at org.springframework.web.servlet.DispatcherServlet.doService(DispatcherServlet.java:870)
	at org.springframework.web.servlet.FrameworkServlet.processRequest(FrameworkServlet.java:961)
	at org.springframework.web.servlet.FrameworkServlet.doGet(FrameworkServlet.java:852)
	at javax.servlet.http.HttpServlet.service(HttpServlet.java:617)
	at org.springframework.web.servlet.FrameworkServlet.service(FrameworkServlet.java:837)
	at javax.servlet.http.HttpServlet.service(HttpServlet.java:717)
	at org.apache.catalina.core.ApplicationFilterChain.internalDoFilter(ApplicationFilterChain.java:290)
	at org.apache.catalina.core.ApplicationFilterChain.doFilter(ApplicationFilterChain.java:206)
	at org.jeecgframework.core.aop.GZipFilter.doFilter(GZipFilter.java:93)
	at org.apache.catalina.core.ApplicationFilterChain.internalDoFilter(ApplicationFilterChain.java:235)
	at org.apache.catalina.core.ApplicationFilterChain.doFilter(ApplicationFilterChain.java:206)
	at com.alibaba.druid.support.http.WebStatFilter.doFilter(WebStatFilter.java:140)
	at org.apache.catalina.core.ApplicationFilterChain.internalDoFilter(ApplicationFilterChain.java:235)
	at org.apache.catalina.core.ApplicationFilterChain.doFilter(ApplicationFilterChain.java:206)
	at org.springframework.web.filter.CharacterEncodingFilter.doFilterInternal(CharacterEncodingFilter.java:88)
	at org.springframework.web.filter.OncePerRequestFilter.doFilter(OncePerRequestFilter.java:107)
	at org.apache.catalina.core.ApplicationFilterChain.internalDoFilter(ApplicationFilterChain.java:235)
	at org.apache.catalina.core.ApplicationFilterChain.doFilter(ApplicationFilterChain.java:206)
	at org.springframework.orm.hibernate4.support.OpenSessionInViewFilter.doFilterInternal(OpenSessionInViewFilter.java:150)
	at org.springframework.web.filter.OncePerRequestFilter.doFilter(OncePerRequestFilter.java:107)
	at org.apache.catalina.core.ApplicationFilterChain.internalDoFilter(ApplicationFilterChain.java:235)
	at org.apache.catalina.core.ApplicationFilterChain.doFilter(ApplicationFilterChain.java:206)
	at org.apache.catalina.core.StandardWrapperValve.invoke(StandardWrapperValve.java:233)
	at org.apache.catalina.core.StandardContextValve.invoke(StandardContextValve.java:191)
	at org.apache.catalina.core.StandardHostValve.invoke(StandardHostValve.java:127)
	at org.apache.catalina.valves.ErrorReportValve.invoke(ErrorReportValve.java:102)
	at org.apache.catalina.core.StandardEngineValve.invoke(StandardEngineValve.java:109)
	at org.apache.catalina.connector.CoyoteAdapter.service(CoyoteAdapter.java:298)
	at org.apache.coyote.http11.Http11Processor.process(Http11Processor.java:857)
	at org.apache.coyote.http11.Http11Protocol$Http11ConnectionHandler.process(Http11Protocol.java:588)
	at org.apache.tomcat.util.net.JIoEndpoint$Worker.run(JIoEndpoint.java:489)
	at java.lang.Thread.run(Thread.java:722)
[2017-07-24 01:16:54] [INFO] [org.jeecgframework.minidao.aop.MiniDaoHandler:48] register minidao name is { org.jeecgframework.web.cgdynamgraph.dao.core.CgDynamGraphDao }
[2017-07-24 01:16:54] [INFO] [org.jeecgframework.minidao.aop.MiniDaoHandler:48] register minidao name is { org.jeecgframework.web.cgform.dao.config.CgFormFieldDao }
[2017-07-24 01:16:54] [INFO] [org.jeecgframework.minidao.aop.MiniDaoHandler:48] register minidao name is { org.jeecgframework.web.cgform.dao.config.CgFormVersionDao }
[2017-07-24 01:16:54] [INFO] [org.jeecgframework.minidao.aop.MiniDaoHandler:48] register minidao name is { org.jeecgframework.web.cgform.dao.upload.CgFormUploadDao }
[2017-07-24 01:16:54] [INFO] [org.jeecgframework.minidao.aop.MiniDaoHandler:48] register minidao name is { org.jeecgframework.web.cgreport.dao.core.CgReportDao }
[2017-07-24 01:16:54] [INFO] [org.jeecgframework.minidao.aop.MiniDaoHandler:48] register minidao name is { org.jeecgframework.web.system.dao.JeecgDictDao }
[2017-07-24 01:16:54] [INFO] [org.jeecgframework.minidao.aop.MiniDaoHandler:48] register minidao name is { com.jeecg.core.biz.dao.TSOperationDao }
[2017-07-24 01:16:54] [INFO] [org.jeecgframework.minidao.aop.MiniDaoHandler:48] register minidao name is { com.jeecg.core.biz.mutiLang.dao.P3MutiLangDao }
[2017-07-24 01:16:54] [INFO] [org.jeecgframework.minidao.aop.MiniDaoHandler:48] register minidao name is { com.jeecg.core.biz.tag.select.dict.dao.TSTypeDao }
[2017-07-24 01:16:54] [INFO] [org.jeecgframework.minidao.aop.MiniDaoHandler:48] register minidao name is { com.jeecg.core.biz.tag.select.table.dao.CustomTableDao }
[2017-07-24 01:16:54] [INFO] [org.jeecgframework.minidao.aop.MiniDaoHandler:48] register minidao name is { com.jeecg.actInvite.dao.WxActInviteDao }
[2017-07-24 01:16:54] [INFO] [org.jeecgframework.minidao.aop.MiniDaoHandler:48] register minidao name is { com.jeecg.auth.dao.JwSystemAuthDao }
[2017-07-24 01:16:54] [INFO] [org.jeecgframework.minidao.aop.MiniDaoHandler:48] register minidao name is { com.jeecg.domo.order.dao.JpDemoOrderCustomDao }
[2017-07-24 01:16:54] [INFO] [org.jeecgframework.minidao.aop.MiniDaoHandler:48] register minidao name is { com.jeecg.domo.order.dao.JpDemoOrderMainDao }
[2017-07-24 01:16:54] [INFO] [org.jeecgframework.minidao.aop.MiniDaoHandler:48] register minidao name is { com.jeecg.domo.order.dao.JpDemoOrderProductDao }
[2017-07-24 01:16:54] [INFO] [org.jeecgframework.minidao.aop.MiniDaoHandler:48] register minidao name is { com.jeecg.mail.dao.P3MailJformInnerMailAttachDao }
[2017-07-24 01:16:54] [INFO] [org.jeecgframework.minidao.aop.MiniDaoHandler:48] register minidao name is { com.jeecg.mail.dao.P3MailJformInnerMailDao }
[2017-07-24 01:16:54] [INFO] [org.jeecgframework.minidao.aop.MiniDaoHandler:48] register minidao name is { com.jeecg.mail.dao.P3MailJformInnerMailReceiverDao }
[2017-07-24 01:16:54] [INFO] [org.jeecgframework.minidao.aop.MiniDaoHandler:48] register minidao name is { com.jeecg.mail.dao.P3MailTSBaseUserDao }
[2017-07-24 01:16:54] [INFO] [org.jeecgframework.minidao.aop.MiniDaoHandler:48] register minidao name is { com.jeecg.mail.dao.P3MailTSUserDao }
[2017-07-24 01:16:54] [INFO] [org.jeecgframework.minidao.aop.MiniDaoHandler:48] register minidao name is { com.jeecg.chat.dao.ChatMessageHistoryDao }
[2017-07-24 01:16:54] [INFO] [org.jeecgframework.minidao.aop.MiniDaoHandler:48] register minidao name is { com.jeecg.chat.dao.ImDao }
[2017-07-24 01:16:54] [INFO] [org.jeecgframework.core.timer.DataBaseSchedulerFactoryBean:111] Spring's Quartz 1.x support is deprecated - please upgrade to Quartz 2.0+
[2017-07-24 01:16:54] [INFO] [com.alibaba.druid.pool.DruidDataSource:450] {dataSource-1} inited
[2017-07-24 01:16:56] [WARN] [org.hibernate.id.UUIDHexGenerator:59] HHH000409: Using org.hibernate.id.UUIDHexGenerator which does not generate IETF RFC 4122 compliant UUID values; consider using org.hibernate.id.UUIDGenerator instead
[2017-07-24 01:16:57] [WARN] [net.sf.ehcache.distribution.RMICacheManagerPeerListener:120] Explicitly setting the listener hostname to 'localhost' is not recommended. It will only work if all CacheManager peers are on the same machine.
[2017-07-24 01:16:59] [INFO] [org.quartz.core.SchedulerSignalerImpl:63] Initialized Scheduler Signaller of type: class org.quartz.core.SchedulerSignalerImpl
[2017-07-24 01:16:59] [INFO] [org.quartz.core.QuartzScheduler:215] Quartz Scheduler v.1.6.2 created.
[2017-07-24 01:16:59] [INFO] [org.quartz.simpl.RAMJobStore:141] RAMJobStore initialized.
[2017-07-24 01:16:59] [INFO] [org.quartz.impl.StdSchedulerFactory:1224] Quartz scheduler 'schedulerFactory' initialized from an externally provided properties instance.
[2017-07-24 01:16:59] [INFO] [org.quartz.impl.StdSchedulerFactory:1228] Quartz scheduler version: 1.6.2
[2017-07-24 01:16:59] [INFO] [org.quartz.core.QuartzScheduler:2094] JobFactory set to: org.springframework.scheduling.quartz.AdaptableJobFactory@896493a
[2017-07-24 01:17:01] [INFO] [org.jeecgframework.core.timer.DataBaseSchedulerFactoryBean:648] Starting Quartz Scheduler now
[2017-07-24 01:17:01] [INFO] [org.quartz.core.QuartzScheduler:461] Scheduler schedulerFactory_$_NON_CLUSTERED started.
[2017-07-24 01:17:10] [INFO] [com.jeecg.chat.web.WebSocket:250] 当前登录人id为：8a8ab0b246dc81120146dc8181950052
[2017-07-24 01:17:14] [ERROR] [org.jeecgframework.core.common.exception.GlobalExceptionResolver:86] 全局处理异常捕获:
java.lang.NullPointerException
	at org.jeecgframework.web.cgreport.controller.core.CgReportController.datagrid(CgReportController.java:289)
	at sun.reflect.NativeMethodAccessorImpl.invoke0(Native Method)
	at sun.reflect.NativeMethodAccessorImpl.invoke(NativeMethodAccessorImpl.java:57)
	at sun.reflect.DelegatingMethodAccessorImpl.invoke(DelegatingMethodAccessorImpl.java:43)
	at java.lang.reflect.Method.invoke(Method.java:601)
	at org.springframework.web.bind.annotation.support.HandlerMethodInvoker.invokeHandlerMethod(HandlerMethodInvoker.java:175)
	at org.springframework.web.servlet.mvc.annotation.AnnotationMethodHandlerAdapter.invokeHandlerMethod(AnnotationMethodHandlerAdapter.java:446)
	at org.springframework.web.servlet.mvc.annotation.AnnotationMethodHandlerAdapter.handle(AnnotationMethodHandlerAdapter.java:434)
	at org.springframework.web.servlet.DispatcherServlet.doDispatch(DispatcherServlet.java:938)
	at org.springframework.web.servlet.DispatcherServlet.doService(DispatcherServlet.java:870)
	at org.springframework.web.servlet.FrameworkServlet.processRequest(FrameworkServlet.java:961)
	at org.springframework.web.servlet.FrameworkServlet.doPost(FrameworkServlet.java:863)
	at javax.servlet.http.HttpServlet.service(HttpServlet.java:637)
	at org.springframework.web.servlet.FrameworkServlet.service(FrameworkServlet.java:837)
	at javax.servlet.http.HttpServlet.service(HttpServlet.java:717)
	at org.apache.catalina.core.ApplicationFilterChain.internalDoFilter(ApplicationFilterChain.java:290)
	at org.apache.catalina.core.ApplicationFilterChain.doFilter(ApplicationFilterChain.java:206)
	at org.jeecgframework.core.aop.GZipFilter.doFilter(GZipFilter.java:93)
	at org.apache.catalina.core.ApplicationFilterChain.internalDoFilter(ApplicationFilterChain.java:235)
	at org.apache.catalina.core.ApplicationFilterChain.doFilter(ApplicationFilterChain.java:206)
	at com.alibaba.druid.support.http.WebStatFilter.doFilter(WebStatFilter.java:140)
	at org.apache.catalina.core.ApplicationFilterChain.internalDoFilter(ApplicationFilterChain.java:235)
	at org.apache.catalina.core.ApplicationFilterChain.doFilter(ApplicationFilterChain.java:206)
	at org.springframework.web.filter.CharacterEncodingFilter.doFilterInternal(CharacterEncodingFilter.java:88)
	at org.springframework.web.filter.OncePerRequestFilter.doFilter(OncePerRequestFilter.java:107)
	at org.apache.catalina.core.ApplicationFilterChain.internalDoFilter(ApplicationFilterChain.java:235)
	at org.apache.catalina.core.ApplicationFilterChain.doFilter(ApplicationFilterChain.java:206)
	at org.springframework.orm.hibernate4.support.OpenSessionInViewFilter.doFilterInternal(OpenSessionInViewFilter.java:150)
	at org.springframework.web.filter.OncePerRequestFilter.doFilter(OncePerRequestFilter.java:107)
	at org.apache.catalina.core.ApplicationFilterChain.internalDoFilter(ApplicationFilterChain.java:235)
	at org.apache.catalina.core.ApplicationFilterChain.doFilter(ApplicationFilterChain.java:206)
	at org.apache.catalina.core.StandardWrapperValve.invoke(StandardWrapperValve.java:233)
	at org.apache.catalina.core.StandardContextValve.invoke(StandardContextValve.java:191)
	at org.apache.catalina.core.StandardHostValve.invoke(StandardHostValve.java:127)
	at org.apache.catalina.valves.ErrorReportValve.invoke(ErrorReportValve.java:102)
	at org.apache.catalina.core.StandardEngineValve.invoke(StandardEngineValve.java:109)
	at org.apache.catalina.connector.CoyoteAdapter.service(CoyoteAdapter.java:298)
	at org.apache.coyote.http11.Http11Processor.process(Http11Processor.java:857)
	at org.apache.coyote.http11.Http11Protocol$Http11ConnectionHandler.process(Http11Protocol.java:588)
	at org.apache.tomcat.util.net.JIoEndpoint$Worker.run(JIoEndpoint.java:489)
	at java.lang.Thread.run(Thread.java:722)
